em++: warning: EXTRA_EXPORTED_RUNTIME_METHODS is deprecated, please use EXPORTED_RUNTIME_METHODS instead [-Wdeprecated]
em++: warning: EXPORTED_FUNCTIONS is not valid with LINKABLE set (normally due to SIDE_MODULE=1/MAIN_MODULE=1) since all functions are exported this mode.  To export only a subset use SIDE_MODULE=2/MAIN_MODULE=2 [-Wunused-command-line-argument]
wasm-ld: error: unable to find library -lQtCore
wasm-ld: error: unable to find library -lQt5Core
wasm-ld: error: unable to find library -lsip
wasm-ld: error: unable to find library -lQtGui
wasm-ld: error: unable to find library -lQtWidgets
wasm-ld: error: unable to find library -lQt5Core
wasm-ld: error: unable to find library -lQt5Gui
wasm-ld: error: unable to find library -lQt5Widgets
wasm-ld: error: unable to find library -llibqwasm
wasm-ld: error: unable to find library -lQt5FontDatabaseSupport
wasm-ld: error: unable to find library -llibqminimal
wasm-ld: error: unable to find library -llibQt5EventDispatcherSupport
wasm-ld: error: unable to find library -llibqoffscreen
wasm-ld: error: unable to find library -lqtharfbuzz
wasm-ld: error: unable to find library -lQtSvg
wasm-ld: error: unable to find library -lqsvgicon
wasm-ld: error: unable to find library -llibqjpeg
wasm-ld: error: unable to find library -llibqsvg
wasm-ld: error: unable to find library -lQt5Svg
em++: error: '/home/pradeep/projects/pyodide-with-pyqt5/pyodide/emsdk/emsdk/upstream/bin/wasm-ld -o build/pyodide.asm.wasm --whole-archive src/core/main.o src/core/js2python.o src/core/docstring.o src/core/hiwire.o src/core/error_handling.o src/core/_pyodide_core.o src/core/python2js.o src/core/pyproxy.o src/core/python2js_buffer.o src/core/main.o src/core/jsproxy.o src/core/pyversion.o src/core/pyodide_pre.o cpython/installs/python-3.11.3/lib/libpython3.11.a -Lcpython/build/sqlite-autoconf-3270200/.libs /home/pradeep/projects/pyodide-with-pyqt5/pyodide/emsdk/emsdk/upstream/emscripten/cache/sysroot/lib/wasm32-emscripten/pic/libsqlite3.a -lQtCore -L../PyQt5-5.15.2.dev2011131516/QtCore -lQt5Core -L../qt5/qtbase/lib -lsip -L../PyQt5_sip-12.8.1 -L../PyQt5-5.15.2.dev2011131516/QtGui -lQtGui -L../PyQt5-5.15.2.dev2011131516/QtWidgets -lQtWidgets -lQt5Core -lQt5Gui -lQt5Widgets -llibqwasm -L../qt5/qtbase/plugins/platforms -lQt5FontDatabaseSupport -llibqminimal -llibQt5EventDispatcherSupport -llibqoffscreen -lqtharfbuzz -lQtSvg -L../PyQt5-5.15.2.dev2011131516/QtSvg -lqsvgicon -L../qt5/qtbase/plugins/iconengines -L../qt5/qtbase/plugins/imageformats -llibqjpeg -llibqsvg -lQt5Svg -L/home/pradeep/projects/pyodide-with-pyqt5/pyodide/emsdk/emsdk/upstream/emscripten/cache/sysroot/lib/wasm32-emscripten/pic /home/pradeep/projects/pyodide-with-pyqt5/pyodide/emsdk/emsdk/upstream/emscripten/cache/sysroot/lib/wasm32-emscripten/pic/libfreetype.a /home/pradeep/projects/pyodide-with-pyqt5/pyodide/emsdk/emsdk/upstream/emscripten/cache/sysroot/lib/wasm32-emscripten/pic/libpng.a /home/pradeep/projects/pyodide-with-pyqt5/pyodide/emsdk/emsdk/upstream/emscripten/cache/sysroot/lib/wasm32-emscripten/pic/libz.a -lembind-rtti -lGL-webgl2 -lal -lhtml5 -lstubs -lnoexit -lc -ldlmalloc -lcompiler_rt -lc++-noexcept -lc++abi-noexcept -lsockets --no-whole-archive -mllvm -combiner-global-alias-analysis=false -mllvm -enable-emscripten-sjlj -mllvm -disable-lsr --export-if-defined=setThrew --export-if-defined=setTempRet0 --export-if-defined=malloc --export-if-defined=__errno_location --export-if-defined=htons --export-if-defined=ntohs --export-if-defined=memcpy --export-if-defined=free --export-if-defined=htonl --export-if-defined=_emscripten_timeout --export-if-defined=__cxa_is_pointer_type --export-if-defined=__cxa_can_catch --export-if-defined=__cxa_increment_exception_refcount --export-if-defined=__cxa_decrement_exception_refcount --export-if-defined=fileno --export-if-defined=emscripten_builtin_memalign --export-if-defined=__dl_seterr --export-if-defined=memcmp --export-if-defined=sleep --export-if-defined=__getTypeName /tmp/tmpma2jf1iglibemscripten_js_symbols.so --import-memory --strip-debug --export-dynamic --export-if-defined=__cxa_guard_acquire --export-if-defined=_ZNSt3__28ios_base4initEPv --export-if-defined=main --export-if-defined=LZ4_decompress_safe --export-if-defined=_runPython --export-if-defined=runPython --export-if-defined=_js2python_jsproxy --export-if-defined=_pyimport --export-if-defined=_pyproxy_get --export-if-defined=_js2python_allocate_string --export-if-defined=_js2python_get_ptr --export-if-defined=_pyproxy_apply --export-if-defined=_findImports --export-if-defined=_js2python_none --export-if-defined=_js2python_pyproxy --export-if-defined=_js2python_number --export-if-defined=__start_em_asm --export-if-defined=__stop_em_asm --export-if-defined=__start_em_lib_deps --export-if-defined=__stop_em_lib_deps --export-if-defined=__start_em_js --export-if-defined=__stop_em_js --export-if-defined=__main_argc_argv --export-if-defined=__wasm_apply_data_relocs --export=stackSave --export=stackRestore --export=stackAlloc --export=__errno_location --export=__get_temp_ret --export=__set_temp_ret --export=malloc --export=free --export=__wasm_call_ctors --export=setThrew --export=setTempRet0 --experimental-pic -pie -z stack-size=65536 --initial-memory=20971520 --max-memory=2147483648 --no-entry' failed (returned 1)
