cd QtCore/ && ( test -e Makefile || /home/pradeep/projects/pyodide-with-pyqt5/qt6-native-host/bin/qmake -o Makefile /home/pradeep/projects/pyodide-with-pyqt5/pyqt6-wasm-build/QtCore/QtCore.pro -qtconf /home/pradeep/projects/pyodide-with-pyqt5/qt6/qtbase/bin/target_qt.conf ) && make -f Makefile install
make[1]: Entering directory '/home/pradeep/projects/pyodide-with-pyqt5/pyqt6-wasm-build/QtCore'
/home/pradeep/projects/pyodide-with-pyqt5/qt6-native-host/bin/qmake -install qinstall /home/pradeep/projects/pyodide-with-pyqt5/PyQt6-6.6.1/sip/QtCore/QtCoremod.sip /home/pradeep/projects/pyodide-with-pyqt5/pyqt6-wasm-target/PyQt6/bindings/QtCore/QtCoremod.sip
/home/pradeep/projects/pyodide-with-pyqt5/qt6-native-host/bin/qmake -install qinstall /home/pradeep/projects/pyodide-with-pyqt5/pyqt6-wasm-build/pyqt-gpl.sip5 /home/pradeep/projects/pyodide-with-pyqt5/pyqt6-wasm-target/PyQt6/bindings/QtCore/pyqt-gpl.sip5
/home/pradeep/projects/pyodide-with-pyqt5/qt6-native-host/bin/qmake -install qinstall /home/pradeep/projects/pyodide-with-pyqt5/PyQt6-6.6.1/sip/QtCore/qglobal.sip /home/pradeep/projects/pyodide-with-pyqt5/pyqt6-wasm-target/PyQt6/bindings/QtCore/qglobal.sip
/home/pradeep/projects/pyodide-with-pyqt5/qt6-native-host/bin/qmake -install qinstall /home/pradeep/projects/pyodide-with-pyqt5/PyQt6-6.6.1/sip/QtCore/qtenvironmentvariables.sip /home/pradeep/projects/pyodide-with-pyqt5/pyqt6-wasm-target/PyQt6/bindings/QtCore/qtenvironmentvariables.sip
/home/pradeep/projects/pyodide-with-pyqt5/qt6-native-host/bin/qmake -install qinstall /home/pradeep/projects/pyodide-with-pyqt5/PyQt6-6.6.1/sip/QtCore/qtversion.sip /home/pradeep/projects/pyodide-with-pyqt5/pyqt6-wasm-target/PyQt6/bindings/QtCore/qtversion.sip
/home/pradeep/projects/pyodide-with-pyqt5/qt6-native-host/bin/qmake -install qinstall /home/pradeep/projects/pyodide-with-pyqt5/PyQt6-6.6.1/sip/QtCore/qnamespace.sip /home/pradeep/projects/pyodide-with-pyqt5/pyqt6-wasm-target/PyQt6/bindings/QtCore/qnamespace.sip
/home/pradeep/projects/pyodide-with-pyqt5/qt6-native-host/bin/qmake -install qinstall /home/pradeep/projects/pyodide-with-pyqt5/PyQt6-6.6.1/sip/QtCore/qabstractanimation.sip /home/pradeep/projects/pyodide-with-pyqt5/pyqt6-wasm-target/PyQt6/bindings/QtCore/qabstractanimation.sip
/home/pradeep/projects/pyodide-with-pyqt5/qt6-native-host/bin/qmake -install qinstall /home/pradeep/projects/pyodide-with-pyqt5/PyQt6-6.6.1/sip/QtCore/qabstracteventdispatcher.sip /home/pradeep/projects/pyodide-with-pyqt5/pyqt6-wasm-target/PyQt6/bindings/QtCore/qabstracteventdispatcher.sip
/home/pradeep/projects/pyodide-with-pyqt5/qt6-native-host/bin/qmake -install qinstall /home/pradeep/projects/pyodide-with-pyqt5/PyQt6-6.6.1/sip/QtCore/qabstractitemmodel.sip /home/pradeep/projects/pyodide-with-pyqt5/pyqt6-wasm-target/PyQt6/bindings/QtCore/qabstractitemmodel.sip
/home/pradeep/projects/pyodide-with-pyqt5/qt6-native-host/bin/qmake -install qinstall /home/pradeep/projects/pyodide-with-pyqt5/PyQt6-6.6.1/sip/QtCore/qabstractnativeeventfilter.sip /home/pradeep/projects/pyodide-with-pyqt5/pyqt6-wasm-target/PyQt6/bindings/QtCore/qabstractnativeeventfilter.sip
/home/pradeep/projects/pyodide-with-pyqt5/qt6-native-host/bin/qmake -install qinstall /home/pradeep/projects/pyodide-with-pyqt5/PyQt6-6.6.1/sip/QtCore/qabstractproxymodel.sip /home/pradeep/projects/pyodide-with-pyqt5/pyqt6-wasm-target/PyQt6/bindings/QtCore/qabstractproxymodel.sip
/home/pradeep/projects/pyodide-with-pyqt5/qt6-native-host/bin/qmake -install qinstall /home/pradeep/projects/pyodide-with-pyqt5/PyQt6-6.6.1/sip/QtCore/qanimationgroup.sip /home/pradeep/projects/pyodide-with-pyqt5/pyqt6-wasm-target/PyQt6/bindings/QtCore/qanimationgroup.sip
/home/pradeep/projects/pyodide-with-pyqt5/qt6-native-host/bin/qmake -install qinstall /home/pradeep/projects/pyodide-with-pyqt5/PyQt6-6.6.1/sip/QtCore/qbasictimer.sip /home/pradeep/projects/pyodide-with-pyqt5/pyqt6-wasm-target/PyQt6/bindings/QtCore/qbasictimer.sip
/home/pradeep/projects/pyodide-with-pyqt5/qt6-native-host/bin/qmake -install qinstall /home/pradeep/projects/pyodide-with-pyqt5/PyQt6-6.6.1/sip/QtCore/qbitarray.sip /home/pradeep/projects/pyodide-with-pyqt5/pyqt6-wasm-target/PyQt6/bindings/QtCore/qbitarray.sip
/home/pradeep/projects/pyodide-with-pyqt5/qt6-native-host/bin/qmake -install qinstall /home/pradeep/projects/pyodide-with-pyqt5/PyQt6-6.6.1/sip/QtCore/qbuffer.sip /home/pradeep/projects/pyodide-with-pyqt5/pyqt6-wasm-target/PyQt6/bindings/QtCore/qbuffer.sip
/home/pradeep/projects/pyodide-with-pyqt5/qt6-native-host/bin/qmake -install qinstall /home/pradeep/projects/pyodide-with-pyqt5/PyQt6-6.6.1/sip/QtCore/qbytearray.sip /home/pradeep/projects/pyodide-with-pyqt5/pyqt6-wasm-target/PyQt6/bindings/QtCore/qbytearray.sip
/home/pradeep/projects/pyodide-with-pyqt5/qt6-native-host/bin/qmake -install qinstall /home/pradeep/projects/pyodide-with-pyqt5/PyQt6-6.6.1/sip/QtCore/qbytearrayalgorithms.sip /home/pradeep/projects/pyodide-with-pyqt5/pyqt6-wasm-target/PyQt6/bindings/QtCore/qbytearrayalgorithms.sip
/home/pradeep/projects/pyodide-with-pyqt5/qt6-native-host/bin/qmake -install qinstall /home/pradeep/projects/pyodide-with-pyqt5/PyQt6-6.6.1/sip/QtCore/qbytearraymatcher.sip /home/pradeep/projects/pyodide-with-pyqt5/pyqt6-wasm-target/PyQt6/bindings/QtCore/qbytearraymatcher.sip
/home/pradeep/projects/pyodide-with-pyqt5/qt6-native-host/bin/qmake -install qinstall /home/pradeep/projects/pyodide-with-pyqt5/PyQt6-6.6.1/sip/QtCore/qcalendar.sip /home/pradeep/projects/pyodide-with-pyqt5/pyqt6-wasm-target/PyQt6/bindings/QtCore/qcalendar.sip
/home/pradeep/projects/pyodide-with-pyqt5/qt6-native-host/bin/qmake -install qinstall /home/pradeep/projects/pyodide-with-pyqt5/PyQt6-6.6.1/sip/QtCore/qcborcommon.sip /home/pradeep/projects/pyodide-with-pyqt5/pyqt6-wasm-target/PyQt6/bindings/QtCore/qcborcommon.sip
/home/pradeep/projects/pyodide-with-pyqt5/qt6-native-host/bin/qmake -install qinstall /home/pradeep/projects/pyodide-with-pyqt5/PyQt6-6.6.1/sip/QtCore/qcborstreamreader.sip /home/pradeep/projects/pyodide-with-pyqt5/pyqt6-wasm-target/PyQt6/bindings/QtCore/qcborstreamreader.sip
/home/pradeep/projects/pyodide-with-pyqt5/qt6-native-host/bin/qmake -install qinstall /home/pradeep/projects/pyodide-with-pyqt5/PyQt6-6.6.1/sip/QtCore/qcborstreamwriter.sip /home/pradeep/projects/pyodide-with-pyqt5/pyqt6-wasm-target/PyQt6/bindings/QtCore/qcborstreamwriter.sip
/home/pradeep/projects/pyodide-with-pyqt5/qt6-native-host/bin/qmake -install qinstall /home/pradeep/projects/pyodide-with-pyqt5/PyQt6-6.6.1/sip/QtCore/qcollator.sip /home/pradeep/projects/pyodide-with-pyqt5/pyqt6-wasm-target/PyQt6/bindings/QtCore/qcollator.sip
/home/pradeep/projects/pyodide-with-pyqt5/qt6-native-host/bin/qmake -install qinstall /home/pradeep/projects/pyodide-with-pyqt5/PyQt6-6.6.1/sip/QtCore/qcommandlineoption.sip /home/pradeep/projects/pyodide-with-pyqt5/pyqt6-wasm-target/PyQt6/bindings/QtCore/qcommandlineoption.sip
/home/pradeep/projects/pyodide-with-pyqt5/qt6-native-host/bin/qmake -install qinstall /home/pradeep/projects/pyodide-with-pyqt5/PyQt6-6.6.1/sip/QtCore/qcommandlineparser.sip /home/pradeep/projects/pyodide-with-pyqt5/pyqt6-wasm-target/PyQt6/bindings/QtCore/qcommandlineparser.sip
/home/pradeep/projects/pyodide-with-pyqt5/qt6-native-host/bin/qmake -install qinstall /home/pradeep/projects/pyodide-with-pyqt5/PyQt6-6.6.1/sip/QtCore/qconcatenatetablesproxymodel.sip /home/pradeep/projects/pyodide-with-pyqt5/pyqt6-wasm-target/PyQt6/bindings/QtCore/qconcatenatetablesproxymodel.sip
/home/pradeep/projects/pyodide-with-pyqt5/qt6-native-host/bin/qmake -install qinstall /home/pradeep/projects/pyodide-with-pyqt5/PyQt6-6.6.1/sip/QtCore/qcoreapplication.sip /home/pradeep/projects/pyodide-with-pyqt5/pyqt6-wasm-target/PyQt6/bindings/QtCore/qcoreapplication.sip
/home/pradeep/projects/pyodide-with-pyqt5/qt6-native-host/bin/qmake -install qinstall /home/pradeep/projects/pyodide-with-pyqt5/PyQt6-6.6.1/sip/QtCore/qcoreevent.sip /home/pradeep/projects/pyodide-with-pyqt5/pyqt6-wasm-target/PyQt6/bindings/QtCore/qcoreevent.sip
/home/pradeep/projects/pyodide-with-pyqt5/qt6-native-host/bin/qmake -install qinstall /home/pradeep/projects/pyodide-with-pyqt5/PyQt6-6.6.1/sip/QtCore/qcryptographichash.sip /home/pradeep/projects/pyodide-with-pyqt5/pyqt6-wasm-target/PyQt6/bindings/QtCore/qcryptographichash.sip
/home/pradeep/projects/pyodide-with-pyqt5/qt6-native-host/bin/qmake -install qinstall /home/pradeep/projects/pyodide-with-pyqt5/PyQt6-6.6.1/sip/QtCore/qdatastream.sip /home/pradeep/projects/pyodide-with-pyqt5/pyqt6-wasm-target/PyQt6/bindings/QtCore/qdatastream.sip
/home/pradeep/projects/pyodide-with-pyqt5/qt6-native-host/bin/qmake -install qinstall /home/pradeep/projects/pyodide-with-pyqt5/PyQt6-6.6.1/sip/QtCore/qdatetime.sip /home/pradeep/projects/pyodide-with-pyqt5/pyqt6-wasm-target/PyQt6/bindings/QtCore/qdatetime.sip
/home/pradeep/projects/pyodide-with-pyqt5/qt6-native-host/bin/qmake -install qinstall /home/pradeep/projects/pyodide-with-pyqt5/PyQt6-6.6.1/sip/QtCore/qdeadlinetimer.sip /home/pradeep/projects/pyodide-with-pyqt5/pyqt6-wasm-target/PyQt6/bindings/QtCore/qdeadlinetimer.sip
/home/pradeep/projects/pyodide-with-pyqt5/qt6-native-host/bin/qmake -install qinstall /home/pradeep/projects/pyodide-with-pyqt5/PyQt6-6.6.1/sip/QtCore/qdir.sip /home/pradeep/projects/pyodide-with-pyqt5/pyqt6-wasm-target/PyQt6/bindings/QtCore/qdir.sip
/home/pradeep/projects/pyodide-with-pyqt5/qt6-native-host/bin/qmake -install qinstall /home/pradeep/projects/pyodide-with-pyqt5/PyQt6-6.6.1/sip/QtCore/qdiriterator.sip /home/pradeep/projects/pyodide-with-pyqt5/pyqt6-wasm-target/PyQt6/bindings/QtCore/qdiriterator.sip
/home/pradeep/projects/pyodide-with-pyqt5/qt6-native-host/bin/qmake -install qinstall /home/pradeep/projects/pyodide-with-pyqt5/PyQt6-6.6.1/sip/QtCore/qeasingcurve.sip /home/pradeep/projects/pyodide-with-pyqt5/pyqt6-wasm-target/PyQt6/bindings/QtCore/qeasingcurve.sip
/home/pradeep/projects/pyodide-with-pyqt5/qt6-native-host/bin/qmake -install qinstall /home/pradeep/projects/pyodide-with-pyqt5/PyQt6-6.6.1/sip/QtCore/qelapsedtimer.sip /home/pradeep/projects/pyodide-with-pyqt5/pyqt6-wasm-target/PyQt6/bindings/QtCore/qelapsedtimer.sip
/home/pradeep/projects/pyodide-with-pyqt5/qt6-native-host/bin/qmake -install qinstall /home/pradeep/projects/pyodide-with-pyqt5/PyQt6-6.6.1/sip/QtCore/qeventloop.sip /home/pradeep/projects/pyodide-with-pyqt5/pyqt6-wasm-target/PyQt6/bindings/QtCore/qeventloop.sip
/home/pradeep/projects/pyodide-with-pyqt5/qt6-native-host/bin/qmake -install qinstall /home/pradeep/projects/pyodide-with-pyqt5/PyQt6-6.6.1/sip/QtCore/qfile.sip /home/pradeep/projects/pyodide-with-pyqt5/pyqt6-wasm-target/PyQt6/bindings/QtCore/qfile.sip
/home/pradeep/projects/pyodide-with-pyqt5/qt6-native-host/bin/qmake -install qinstall /home/pradeep/projects/pyodide-with-pyqt5/PyQt6-6.6.1/sip/QtCore/qfiledevice.sip /home/pradeep/projects/pyodide-with-pyqt5/pyqt6-wasm-target/PyQt6/bindings/QtCore/qfiledevice.sip
/home/pradeep/projects/pyodide-with-pyqt5/qt6-native-host/bin/qmake -install qinstall /home/pradeep/projects/pyodide-with-pyqt5/PyQt6-6.6.1/sip/QtCore/qfileinfo.sip /home/pradeep/projects/pyodide-with-pyqt5/pyqt6-wasm-target/PyQt6/bindings/QtCore/qfileinfo.sip
/home/pradeep/projects/pyodide-with-pyqt5/qt6-native-host/bin/qmake -install qinstall /home/pradeep/projects/pyodide-with-pyqt5/PyQt6-6.6.1/sip/QtCore/qfileselector.sip /home/pradeep/projects/pyodide-with-pyqt5/pyqt6-wasm-target/PyQt6/bindings/QtCore/qfileselector.sip
/home/pradeep/projects/pyodide-with-pyqt5/qt6-native-host/bin/qmake -install qinstall /home/pradeep/projects/pyodide-with-pyqt5/PyQt6-6.6.1/sip/QtCore/qfilesystemwatcher.sip /home/pradeep/projects/pyodide-with-pyqt5/pyqt6-wasm-target/PyQt6/bindings/QtCore/qfilesystemwatcher.sip
/home/pradeep/projects/pyodide-with-pyqt5/qt6-native-host/bin/qmake -install qinstall /home/pradeep/projects/pyodide-with-pyqt5/PyQt6-6.6.1/sip/QtCore/qidentityproxymodel.sip /home/pradeep/projects/pyodide-with-pyqt5/pyqt6-wasm-target/PyQt6/bindings/QtCore/qidentityproxymodel.sip
/home/pradeep/projects/pyodide-with-pyqt5/qt6-native-host/bin/qmake -install qinstall /home/pradeep/projects/pyodide-with-pyqt5/PyQt6-6.6.1/sip/QtCore/qiodevice.sip /home/pradeep/projects/pyodide-with-pyqt5/pyqt6-wasm-target/PyQt6/bindings/QtCore/qiodevice.sip
/home/pradeep/projects/pyodide-with-pyqt5/qt6-native-host/bin/qmake -install qinstall /home/pradeep/projects/pyodide-with-pyqt5/PyQt6-6.6.1/sip/QtCore/qiodevicebase.sip /home/pradeep/projects/pyodide-with-pyqt5/pyqt6-wasm-target/PyQt6/bindings/QtCore/qiodevicebase.sip
/home/pradeep/projects/pyodide-with-pyqt5/qt6-native-host/bin/qmake -install qinstall /home/pradeep/projects/pyodide-with-pyqt5/PyQt6-6.6.1/sip/QtCore/qitemselectionmodel.sip /home/pradeep/projects/pyodide-with-pyqt5/pyqt6-wasm-target/PyQt6/bindings/QtCore/qitemselectionmodel.sip
/home/pradeep/projects/pyodide-with-pyqt5/qt6-native-host/bin/qmake -install qinstall /home/pradeep/projects/pyodide-with-pyqt5/PyQt6-6.6.1/sip/QtCore/qjsondocument.sip /home/pradeep/projects/pyodide-with-pyqt5/pyqt6-wasm-target/PyQt6/bindings/QtCore/qjsondocument.sip
/home/pradeep/projects/pyodide-with-pyqt5/qt6-native-host/bin/qmake -install qinstall /home/pradeep/projects/pyodide-with-pyqt5/PyQt6-6.6.1/sip/QtCore/qjsonvalue.sip /home/pradeep/projects/pyodide-with-pyqt5/pyqt6-wasm-target/PyQt6/bindings/QtCore/qjsonvalue.sip
/home/pradeep/projects/pyodide-with-pyqt5/qt6-native-host/bin/qmake -install qinstall /home/pradeep/projects/pyodide-with-pyqt5/PyQt6-6.6.1/sip/QtCore/qlibrary.sip /home/pradeep/projects/pyodide-with-pyqt5/pyqt6-wasm-target/PyQt6/bindings/QtCore/qlibrary.sip
/home/pradeep/projects/pyodide-with-pyqt5/qt6-native-host/bin/qmake -install qinstall /home/pradeep/projects/pyodide-with-pyqt5/PyQt6-6.6.1/sip/QtCore/qlibraryinfo.sip /home/pradeep/projects/pyodide-with-pyqt5/pyqt6-wasm-target/PyQt6/bindings/QtCore/qlibraryinfo.sip
/home/pradeep/projects/pyodide-with-pyqt5/qt6-native-host/bin/qmake -install qinstall /home/pradeep/projects/pyodide-with-pyqt5/PyQt6-6.6.1/sip/QtCore/qline.sip /home/pradeep/projects/pyodide-with-pyqt5/pyqt6-wasm-target/PyQt6/bindings/QtCore/qline.sip
/home/pradeep/projects/pyodide-with-pyqt5/qt6-native-host/bin/qmake -install qinstall /home/pradeep/projects/pyodide-with-pyqt5/PyQt6-6.6.1/sip/QtCore/qlocale.sip /home/pradeep/projects/pyodide-with-pyqt5/pyqt6-wasm-target/PyQt6/bindings/QtCore/qlocale.sip
/home/pradeep/projects/pyodide-with-pyqt5/qt6-native-host/bin/qmake -install qinstall /home/pradeep/projects/pyodide-with-pyqt5/PyQt6-6.6.1/sip/QtCore/qlockfile.sip /home/pradeep/projects/pyodide-with-pyqt5/pyqt6-wasm-target/PyQt6/bindings/QtCore/qlockfile.sip
/home/pradeep/projects/pyodide-with-pyqt5/qt6-native-host/bin/qmake -install qinstall /home/pradeep/projects/pyodide-with-pyqt5/PyQt6-6.6.1/sip/QtCore/qlogging.sip /home/pradeep/projects/pyodide-with-pyqt5/pyqt6-wasm-target/PyQt6/bindings/QtCore/qlogging.sip
/home/pradeep/projects/pyodide-with-pyqt5/qt6-native-host/bin/qmake -install qinstall /home/pradeep/projects/pyodide-with-pyqt5/PyQt6-6.6.1/sip/QtCore/qloggingcategory.sip /home/pradeep/projects/pyodide-with-pyqt5/pyqt6-wasm-target/PyQt6/bindings/QtCore/qloggingcategory.sip
/home/pradeep/projects/pyodide-with-pyqt5/qt6-native-host/bin/qmake -install qinstall /home/pradeep/projects/pyodide-with-pyqt5/PyQt6-6.6.1/sip/QtCore/qmargins.sip /home/pradeep/projects/pyodide-with-pyqt5/pyqt6-wasm-target/PyQt6/bindings/QtCore/qmargins.sip
/home/pradeep/projects/pyodide-with-pyqt5/qt6-native-host/bin/qmake -install qinstall /home/pradeep/projects/pyodide-with-pyqt5/PyQt6-6.6.1/sip/QtCore/qmessageauthenticationcode.sip /home/pradeep/projects/pyodide-with-pyqt5/pyqt6-wasm-target/PyQt6/bindings/QtCore/qmessageauthenticationcode.sip
/home/pradeep/projects/pyodide-with-pyqt5/qt6-native-host/bin/qmake -install qinstall /home/pradeep/projects/pyodide-with-pyqt5/PyQt6-6.6.1/sip/QtCore/qmetaobject.sip /home/pradeep/projects/pyodide-with-pyqt5/pyqt6-wasm-target/PyQt6/bindings/QtCore/qmetaobject.sip
/home/pradeep/projects/pyodide-with-pyqt5/qt6-native-host/bin/qmake -install qinstall /home/pradeep/projects/pyodide-with-pyqt5/PyQt6-6.6.1/sip/QtCore/qmetatype.sip /home/pradeep/projects/pyodide-with-pyqt5/pyqt6-wasm-target/PyQt6/bindings/QtCore/qmetatype.sip
/home/pradeep/projects/pyodide-with-pyqt5/qt6-native-host/bin/qmake -install qinstall /home/pradeep/projects/pyodide-with-pyqt5/PyQt6-6.6.1/sip/QtCore/qmimedata.sip /home/pradeep/projects/pyodide-with-pyqt5/pyqt6-wasm-target/PyQt6/bindings/QtCore/qmimedata.sip
/home/pradeep/projects/pyodide-with-pyqt5/qt6-native-host/bin/qmake -install qinstall /home/pradeep/projects/pyodide-with-pyqt5/PyQt6-6.6.1/sip/QtCore/qmimedatabase.sip /home/pradeep/projects/pyodide-with-pyqt5/pyqt6-wasm-target/PyQt6/bindings/QtCore/qmimedatabase.sip
/home/pradeep/projects/pyodide-with-pyqt5/qt6-native-host/bin/qmake -install qinstall /home/pradeep/projects/pyodide-with-pyqt5/PyQt6-6.6.1/sip/QtCore/qmimetype.sip /home/pradeep/projects/pyodide-with-pyqt5/pyqt6-wasm-target/PyQt6/bindings/QtCore/qmimetype.sip
/home/pradeep/projects/pyodide-with-pyqt5/qt6-native-host/bin/qmake -install qinstall /home/pradeep/projects/pyodide-with-pyqt5/PyQt6-6.6.1/sip/QtCore/qmutex.sip /home/pradeep/projects/pyodide-with-pyqt5/pyqt6-wasm-target/PyQt6/bindings/QtCore/qmutex.sip
/home/pradeep/projects/pyodide-with-pyqt5/qt6-native-host/bin/qmake -install qinstall /home/pradeep/projects/pyodide-with-pyqt5/PyQt6-6.6.1/sip/QtCore/qnumeric.sip /home/pradeep/projects/pyodide-with-pyqt5/pyqt6-wasm-target/PyQt6/bindings/QtCore/qnumeric.sip
/home/pradeep/projects/pyodide-with-pyqt5/qt6-native-host/bin/qmake -install qinstall /home/pradeep/projects/pyodide-with-pyqt5/PyQt6-6.6.1/sip/QtCore/qobject.sip /home/pradeep/projects/pyodide-with-pyqt5/pyqt6-wasm-target/PyQt6/bindings/QtCore/qobject.sip
/home/pradeep/projects/pyodide-with-pyqt5/qt6-native-host/bin/qmake -install qinstall /home/pradeep/projects/pyodide-with-pyqt5/PyQt6-6.6.1/sip/QtCore/qobjectcleanuphandler.sip /home/pradeep/projects/pyodide-with-pyqt5/pyqt6-wasm-target/PyQt6/bindings/QtCore/qobjectcleanuphandler.sip
/home/pradeep/projects/pyodide-with-pyqt5/qt6-native-host/bin/qmake -install qinstall /home/pradeep/projects/pyodide-with-pyqt5/PyQt6-6.6.1/sip/QtCore/qobjectdefs.sip /home/pradeep/projects/pyodide-with-pyqt5/pyqt6-wasm-target/PyQt6/bindings/QtCore/qobjectdefs.sip
/home/pradeep/projects/pyodide-with-pyqt5/qt6-native-host/bin/qmake -install qinstall /home/pradeep/projects/pyodide-with-pyqt5/PyQt6-6.6.1/sip/QtCore/qoperatingsystemversion.sip /home/pradeep/projects/pyodide-with-pyqt5/pyqt6-wasm-target/PyQt6/bindings/QtCore/qoperatingsystemversion.sip
/home/pradeep/projects/pyodide-with-pyqt5/qt6-native-host/bin/qmake -install qinstall /home/pradeep/projects/pyodide-with-pyqt5/PyQt6-6.6.1/sip/QtCore/qparallelanimationgroup.sip /home/pradeep/projects/pyodide-with-pyqt5/pyqt6-wasm-target/PyQt6/bindings/QtCore/qparallelanimationgroup.sip
/home/pradeep/projects/pyodide-with-pyqt5/qt6-native-host/bin/qmake -install qinstall /home/pradeep/projects/pyodide-with-pyqt5/PyQt6-6.6.1/sip/QtCore/qpauseanimation.sip /home/pradeep/projects/pyodide-with-pyqt5/pyqt6-wasm-target/PyQt6/bindings/QtCore/qpauseanimation.sip
/home/pradeep/projects/pyodide-with-pyqt5/qt6-native-host/bin/qmake -install qinstall /home/pradeep/projects/pyodide-with-pyqt5/PyQt6-6.6.1/sip/QtCore/qpermissions.sip /home/pradeep/projects/pyodide-with-pyqt5/pyqt6-wasm-target/PyQt6/bindings/QtCore/qpermissions.sip
/home/pradeep/projects/pyodide-with-pyqt5/qt6-native-host/bin/qmake -install qinstall /home/pradeep/projects/pyodide-with-pyqt5/PyQt6-6.6.1/sip/QtCore/qpropertyanimation.sip /home/pradeep/projects/pyodide-with-pyqt5/pyqt6-wasm-target/PyQt6/bindings/QtCore/qpropertyanimation.sip
/home/pradeep/projects/pyodide-with-pyqt5/qt6-native-host/bin/qmake -install qinstall /home/pradeep/projects/pyodide-with-pyqt5/PyQt6-6.6.1/sip/QtCore/qpluginloader.sip /home/pradeep/projects/pyodide-with-pyqt5/pyqt6-wasm-target/PyQt6/bindings/QtCore/qpluginloader.sip
/home/pradeep/projects/pyodide-with-pyqt5/qt6-native-host/bin/qmake -install qinstall /home/pradeep/projects/pyodide-with-pyqt5/PyQt6-6.6.1/sip/QtCore/qpoint.sip /home/pradeep/projects/pyodide-with-pyqt5/pyqt6-wasm-target/PyQt6/bindings/QtCore/qpoint.sip
/home/pradeep/projects/pyodide-with-pyqt5/qt6-native-host/bin/qmake -install qinstall /home/pradeep/projects/pyodide-with-pyqt5/PyQt6-6.6.1/sip/QtCore/qprocess.sip /home/pradeep/projects/pyodide-with-pyqt5/pyqt6-wasm-target/PyQt6/bindings/QtCore/qprocess.sip
/home/pradeep/projects/pyodide-with-pyqt5/qt6-native-host/bin/qmake -install qinstall /home/pradeep/projects/pyodide-with-pyqt5/PyQt6-6.6.1/sip/QtCore/qrandom.sip /home/pradeep/projects/pyodide-with-pyqt5/pyqt6-wasm-target/PyQt6/bindings/QtCore/qrandom.sip
/home/pradeep/projects/pyodide-with-pyqt5/qt6-native-host/bin/qmake -install qinstall /home/pradeep/projects/pyodide-with-pyqt5/PyQt6-6.6.1/sip/QtCore/qreadwritelock.sip /home/pradeep/projects/pyodide-with-pyqt5/pyqt6-wasm-target/PyQt6/bindings/QtCore/qreadwritelock.sip
/home/pradeep/projects/pyodide-with-pyqt5/qt6-native-host/bin/qmake -install qinstall /home/pradeep/projects/pyodide-with-pyqt5/PyQt6-6.6.1/sip/QtCore/qrect.sip /home/pradeep/projects/pyodide-with-pyqt5/pyqt6-wasm-target/PyQt6/bindings/QtCore/qrect.sip
/home/pradeep/projects/pyodide-with-pyqt5/qt6-native-host/bin/qmake -install qinstall /home/pradeep/projects/pyodide-with-pyqt5/PyQt6-6.6.1/sip/QtCore/qregularexpression.sip /home/pradeep/projects/pyodide-with-pyqt5/pyqt6-wasm-target/PyQt6/bindings/QtCore/qregularexpression.sip
/home/pradeep/projects/pyodide-with-pyqt5/qt6-native-host/bin/qmake -install qinstall /home/pradeep/projects/pyodide-with-pyqt5/PyQt6-6.6.1/sip/QtCore/qresource.sip /home/pradeep/projects/pyodide-with-pyqt5/pyqt6-wasm-target/PyQt6/bindings/QtCore/qresource.sip
/home/pradeep/projects/pyodide-with-pyqt5/qt6-native-host/bin/qmake -install qinstall /home/pradeep/projects/pyodide-with-pyqt5/PyQt6-6.6.1/sip/QtCore/qrunnable.sip /home/pradeep/projects/pyodide-with-pyqt5/pyqt6-wasm-target/PyQt6/bindings/QtCore/qrunnable.sip
/home/pradeep/projects/pyodide-with-pyqt5/qt6-native-host/bin/qmake -install qinstall /home/pradeep/projects/pyodide-with-pyqt5/PyQt6-6.6.1/sip/QtCore/qsavefile.sip /home/pradeep/projects/pyodide-with-pyqt5/pyqt6-wasm-target/PyQt6/bindings/QtCore/qsavefile.sip
/home/pradeep/projects/pyodide-with-pyqt5/qt6-native-host/bin/qmake -install qinstall /home/pradeep/projects/pyodide-with-pyqt5/PyQt6-6.6.1/sip/QtCore/qsemaphore.sip /home/pradeep/projects/pyodide-with-pyqt5/pyqt6-wasm-target/PyQt6/bindings/QtCore/qsemaphore.sip
/home/pradeep/projects/pyodide-with-pyqt5/qt6-native-host/bin/qmake -install qinstall /home/pradeep/projects/pyodide-with-pyqt5/PyQt6-6.6.1/sip/QtCore/qsequentialanimationgroup.sip /home/pradeep/projects/pyodide-with-pyqt5/pyqt6-wasm-target/PyQt6/bindings/QtCore/qsequentialanimationgroup.sip
/home/pradeep/projects/pyodide-with-pyqt5/qt6-native-host/bin/qmake -install qinstall /home/pradeep/projects/pyodide-with-pyqt5/PyQt6-6.6.1/sip/QtCore/qsettings.sip /home/pradeep/projects/pyodide-with-pyqt5/pyqt6-wasm-target/PyQt6/bindings/QtCore/qsettings.sip
/home/pradeep/projects/pyodide-with-pyqt5/qt6-native-host/bin/qmake -install qinstall /home/pradeep/projects/pyodide-with-pyqt5/PyQt6-6.6.1/sip/QtCore/qsharedmemory.sip /home/pradeep/projects/pyodide-with-pyqt5/pyqt6-wasm-target/PyQt6/bindings/QtCore/qsharedmemory.sip
/home/pradeep/projects/pyodide-with-pyqt5/qt6-native-host/bin/qmake -install qinstall /home/pradeep/projects/pyodide-with-pyqt5/PyQt6-6.6.1/sip/QtCore/qsignalmapper.sip /home/pradeep/projects/pyodide-with-pyqt5/pyqt6-wasm-target/PyQt6/bindings/QtCore/qsignalmapper.sip
/home/pradeep/projects/pyodide-with-pyqt5/qt6-native-host/bin/qmake -install qinstall /home/pradeep/projects/pyodide-with-pyqt5/PyQt6-6.6.1/sip/QtCore/qsize.sip /home/pradeep/projects/pyodide-with-pyqt5/pyqt6-wasm-target/PyQt6/bindings/QtCore/qsize.sip
/home/pradeep/projects/pyodide-with-pyqt5/qt6-native-host/bin/qmake -install qinstall /home/pradeep/projects/pyodide-with-pyqt5/PyQt6-6.6.1/sip/QtCore/qsocketnotifier.sip /home/pradeep/projects/pyodide-with-pyqt5/pyqt6-wasm-target/PyQt6/bindings/QtCore/qsocketnotifier.sip
/home/pradeep/projects/pyodide-with-pyqt5/qt6-native-host/bin/qmake -install qinstall /home/pradeep/projects/pyodide-with-pyqt5/PyQt6-6.6.1/sip/QtCore/qsortfilterproxymodel.sip /home/pradeep/projects/pyodide-with-pyqt5/pyqt6-wasm-target/PyQt6/bindings/QtCore/qsortfilterproxymodel.sip
/home/pradeep/projects/pyodide-with-pyqt5/qt6-native-host/bin/qmake -install qinstall /home/pradeep/projects/pyodide-with-pyqt5/PyQt6-6.6.1/sip/QtCore/qstandardpaths.sip /home/pradeep/projects/pyodide-with-pyqt5/pyqt6-wasm-target/PyQt6/bindings/QtCore/qstandardpaths.sip
/home/pradeep/projects/pyodide-with-pyqt5/qt6-native-host/bin/qmake -install qinstall /home/pradeep/projects/pyodide-with-pyqt5/PyQt6-6.6.1/sip/QtCore/qstorageinfo.sip /home/pradeep/projects/pyodide-with-pyqt5/pyqt6-wasm-target/PyQt6/bindings/QtCore/qstorageinfo.sip
/home/pradeep/projects/pyodide-with-pyqt5/qt6-native-host/bin/qmake -install qinstall /home/pradeep/projects/pyodide-with-pyqt5/PyQt6-6.6.1/sip/QtCore/qstringconverter_base.sip /home/pradeep/projects/pyodide-with-pyqt5/pyqt6-wasm-target/PyQt6/bindings/QtCore/qstringconverter_base.sip
/home/pradeep/projects/pyodide-with-pyqt5/qt6-native-host/bin/qmake -install qinstall /home/pradeep/projects/pyodide-with-pyqt5/PyQt6-6.6.1/sip/QtCore/qstringconverter.sip /home/pradeep/projects/pyodide-with-pyqt5/pyqt6-wasm-target/PyQt6/bindings/QtCore/qstringconverter.sip
/home/pradeep/projects/pyodide-with-pyqt5/qt6-native-host/bin/qmake -install qinstall /home/pradeep/projects/pyodide-with-pyqt5/PyQt6-6.6.1/sip/QtCore/qstringlistmodel.sip /home/pradeep/projects/pyodide-with-pyqt5/pyqt6-wasm-target/PyQt6/bindings/QtCore/qstringlistmodel.sip
/home/pradeep/projects/pyodide-with-pyqt5/qt6-native-host/bin/qmake -install qinstall /home/pradeep/projects/pyodide-with-pyqt5/PyQt6-6.6.1/sip/QtCore/qsysinfo.sip /home/pradeep/projects/pyodide-with-pyqt5/pyqt6-wasm-target/PyQt6/bindings/QtCore/qsysinfo.sip
/home/pradeep/projects/pyodide-with-pyqt5/qt6-native-host/bin/qmake -install qinstall /home/pradeep/projects/pyodide-with-pyqt5/PyQt6-6.6.1/sip/QtCore/qsystemsemaphore.sip /home/pradeep/projects/pyodide-with-pyqt5/pyqt6-wasm-target/PyQt6/bindings/QtCore/qsystemsemaphore.sip
/home/pradeep/projects/pyodide-with-pyqt5/qt6-native-host/bin/qmake -install qinstall /home/pradeep/projects/pyodide-with-pyqt5/PyQt6-6.6.1/sip/QtCore/qtemporarydir.sip /home/pradeep/projects/pyodide-with-pyqt5/pyqt6-wasm-target/PyQt6/bindings/QtCore/qtemporarydir.sip
/home/pradeep/projects/pyodide-with-pyqt5/qt6-native-host/bin/qmake -install qinstall /home/pradeep/projects/pyodide-with-pyqt5/PyQt6-6.6.1/sip/QtCore/qtemporaryfile.sip /home/pradeep/projects/pyodide-with-pyqt5/pyqt6-wasm-target/PyQt6/bindings/QtCore/qtemporaryfile.sip
/home/pradeep/projects/pyodide-with-pyqt5/qt6-native-host/bin/qmake -install qinstall /home/pradeep/projects/pyodide-with-pyqt5/PyQt6-6.6.1/sip/QtCore/qtextboundaryfinder.sip /home/pradeep/projects/pyodide-with-pyqt5/pyqt6-wasm-target/PyQt6/bindings/QtCore/qtextboundaryfinder.sip
/home/pradeep/projects/pyodide-with-pyqt5/qt6-native-host/bin/qmake -install qinstall /home/pradeep/projects/pyodide-with-pyqt5/PyQt6-6.6.1/sip/QtCore/qtextstream.sip /home/pradeep/projects/pyodide-with-pyqt5/pyqt6-wasm-target/PyQt6/bindings/QtCore/qtextstream.sip
/home/pradeep/projects/pyodide-with-pyqt5/qt6-native-host/bin/qmake -install qinstall /home/pradeep/projects/pyodide-with-pyqt5/PyQt6-6.6.1/sip/QtCore/qthread.sip /home/pradeep/projects/pyodide-with-pyqt5/pyqt6-wasm-target/PyQt6/bindings/QtCore/qthread.sip
/home/pradeep/projects/pyodide-with-pyqt5/qt6-native-host/bin/qmake -install qinstall /home/pradeep/projects/pyodide-with-pyqt5/PyQt6-6.6.1/sip/QtCore/qthreadpool.sip /home/pradeep/projects/pyodide-with-pyqt5/pyqt6-wasm-target/PyQt6/bindings/QtCore/qthreadpool.sip
/home/pradeep/projects/pyodide-with-pyqt5/qt6-native-host/bin/qmake -install qinstall /home/pradeep/projects/pyodide-with-pyqt5/PyQt6-6.6.1/sip/QtCore/qtimeline.sip /home/pradeep/projects/pyodide-with-pyqt5/pyqt6-wasm-target/PyQt6/bindings/QtCore/qtimeline.sip
/home/pradeep/projects/pyodide-with-pyqt5/qt6-native-host/bin/qmake -install qinstall /home/pradeep/projects/pyodide-with-pyqt5/PyQt6-6.6.1/sip/QtCore/qtimer.sip /home/pradeep/projects/pyodide-with-pyqt5/pyqt6-wasm-target/PyQt6/bindings/QtCore/qtimer.sip
/home/pradeep/projects/pyodide-with-pyqt5/qt6-native-host/bin/qmake -install qinstall /home/pradeep/projects/pyodide-with-pyqt5/PyQt6-6.6.1/sip/QtCore/qtimezone.sip /home/pradeep/projects/pyodide-with-pyqt5/pyqt6-wasm-target/PyQt6/bindings/QtCore/qtimezone.sip
/home/pradeep/projects/pyodide-with-pyqt5/qt6-native-host/bin/qmake -install qinstall /home/pradeep/projects/pyodide-with-pyqt5/PyQt6-6.6.1/sip/QtCore/qtipccommon.sip /home/pradeep/projects/pyodide-with-pyqt5/pyqt6-wasm-target/PyQt6/bindings/QtCore/qtipccommon.sip
/home/pradeep/projects/pyodide-with-pyqt5/qt6-native-host/bin/qmake -install qinstall /home/pradeep/projects/pyodide-with-pyqt5/PyQt6-6.6.1/sip/QtCore/qtranslator.sip /home/pradeep/projects/pyodide-with-pyqt5/pyqt6-wasm-target/PyQt6/bindings/QtCore/qtranslator.sip
/home/pradeep/projects/pyodide-with-pyqt5/qt6-native-host/bin/qmake -install qinstall /home/pradeep/projects/pyodide-with-pyqt5/PyQt6-6.6.1/sip/QtCore/qtransposeproxymodel.sip /home/pradeep/projects/pyodide-with-pyqt5/pyqt6-wasm-target/PyQt6/bindings/QtCore/qtransposeproxymodel.sip
/home/pradeep/projects/pyodide-with-pyqt5/qt6-native-host/bin/qmake -install qinstall /home/pradeep/projects/pyodide-with-pyqt5/PyQt6-6.6.1/sip/QtCore/qtypes.sip /home/pradeep/projects/pyodide-with-pyqt5/pyqt6-wasm-target/PyQt6/bindings/QtCore/qtypes.sip
/home/pradeep/projects/pyodide-with-pyqt5/qt6-native-host/bin/qmake -install qinstall /home/pradeep/projects/pyodide-with-pyqt5/PyQt6-6.6.1/sip/QtCore/qurl.sip /home/pradeep/projects/pyodide-with-pyqt5/pyqt6-wasm-target/PyQt6/bindings/QtCore/qurl.sip
/home/pradeep/projects/pyodide-with-pyqt5/qt6-native-host/bin/qmake -install qinstall /home/pradeep/projects/pyodide-with-pyqt5/PyQt6-6.6.1/sip/QtCore/qurlquery.sip /home/pradeep/projects/pyodide-with-pyqt5/pyqt6-wasm-target/PyQt6/bindings/QtCore/qurlquery.sip
/home/pradeep/projects/pyodide-with-pyqt5/qt6-native-host/bin/qmake -install qinstall /home/pradeep/projects/pyodide-with-pyqt5/PyQt6-6.6.1/sip/QtCore/quuid.sip /home/pradeep/projects/pyodide-with-pyqt5/pyqt6-wasm-target/PyQt6/bindings/QtCore/quuid.sip
/home/pradeep/projects/pyodide-with-pyqt5/qt6-native-host/bin/qmake -install qinstall /home/pradeep/projects/pyodide-with-pyqt5/PyQt6-6.6.1/sip/QtCore/qvariant.sip /home/pradeep/projects/pyodide-with-pyqt5/pyqt6-wasm-target/PyQt6/bindings/QtCore/qvariant.sip
/home/pradeep/projects/pyodide-with-pyqt5/qt6-native-host/bin/qmake -install qinstall /home/pradeep/projects/pyodide-with-pyqt5/PyQt6-6.6.1/sip/QtCore/qvariantanimation.sip /home/pradeep/projects/pyodide-with-pyqt5/pyqt6-wasm-target/PyQt6/bindings/QtCore/qvariantanimation.sip
/home/pradeep/projects/pyodide-with-pyqt5/qt6-native-host/bin/qmake -install qinstall /home/pradeep/projects/pyodide-with-pyqt5/PyQt6-6.6.1/sip/QtCore/qversionnumber.sip /home/pradeep/projects/pyodide-with-pyqt5/pyqt6-wasm-target/PyQt6/bindings/QtCore/qversionnumber.sip
/home/pradeep/projects/pyodide-with-pyqt5/qt6-native-host/bin/qmake -install qinstall /home/pradeep/projects/pyodide-with-pyqt5/PyQt6-6.6.1/sip/QtCore/qwaitcondition.sip /home/pradeep/projects/pyodide-with-pyqt5/pyqt6-wasm-target/PyQt6/bindings/QtCore/qwaitcondition.sip
/home/pradeep/projects/pyodide-with-pyqt5/qt6-native-host/bin/qmake -install qinstall /home/pradeep/projects/pyodide-with-pyqt5/PyQt6-6.6.1/sip/QtCore/qxmlstream.sip /home/pradeep/projects/pyodide-with-pyqt5/pyqt6-wasm-target/PyQt6/bindings/QtCore/qxmlstream.sip
/home/pradeep/projects/pyodide-with-pyqt5/qt6-native-host/bin/qmake -install qinstall /home/pradeep/projects/pyodide-with-pyqt5/PyQt6-6.6.1/sip/QtCore/qanystringview.sip /home/pradeep/projects/pyodide-with-pyqt5/pyqt6-wasm-target/PyQt6/bindings/QtCore/qanystringview.sip
/home/pradeep/projects/pyodide-with-pyqt5/qt6-native-host/bin/qmake -install qinstall /home/pradeep/projects/pyodide-with-pyqt5/PyQt6-6.6.1/sip/QtCore/qflags.sip /home/pradeep/projects/pyodide-with-pyqt5/pyqt6-wasm-target/PyQt6/bindings/QtCore/qflags.sip
/home/pradeep/projects/pyodide-with-pyqt5/qt6-native-host/bin/qmake -install qinstall /home/pradeep/projects/pyodide-with-pyqt5/PyQt6-6.6.1/sip/QtCore/qstring.sip /home/pradeep/projects/pyodide-with-pyqt5/pyqt6-wasm-target/PyQt6/bindings/QtCore/qstring.sip
/home/pradeep/projects/pyodide-with-pyqt5/qt6-native-host/bin/qmake -install qinstall /home/pradeep/projects/pyodide-with-pyqt5/PyQt6-6.6.1/sip/QtCore/qbytearraylist.sip /home/pradeep/projects/pyodide-with-pyqt5/pyqt6-wasm-target/PyQt6/bindings/QtCore/qbytearraylist.sip
/home/pradeep/projects/pyodide-with-pyqt5/qt6-native-host/bin/qmake -install qinstall /home/pradeep/projects/pyodide-with-pyqt5/PyQt6-6.6.1/sip/QtCore/qjsonobject.sip /home/pradeep/projects/pyodide-with-pyqt5/pyqt6-wasm-target/PyQt6/bindings/QtCore/qjsonobject.sip
/home/pradeep/projects/pyodide-with-pyqt5/qt6-native-host/bin/qmake -install qinstall /home/pradeep/projects/pyodide-with-pyqt5/PyQt6-6.6.1/sip/QtCore/qpycore_std_pair.sip /home/pradeep/projects/pyodide-with-pyqt5/pyqt6-wasm-target/PyQt6/bindings/QtCore/qpycore_std_pair.sip
/home/pradeep/projects/pyodide-with-pyqt5/qt6-native-host/bin/qmake -install qinstall /home/pradeep/projects/pyodide-with-pyqt5/PyQt6-6.6.1/sip/QtCore/qpycore_qset.sip /home/pradeep/projects/pyodide-with-pyqt5/pyqt6-wasm-target/PyQt6/bindings/QtCore/qpycore_qset.sip
/home/pradeep/projects/pyodide-with-pyqt5/qt6-native-host/bin/qmake -install qinstall /home/pradeep/projects/pyodide-with-pyqt5/PyQt6-6.6.1/sip/QtCore/qstringview.sip /home/pradeep/projects/pyodide-with-pyqt5/pyqt6-wasm-target/PyQt6/bindings/QtCore/qstringview.sip
/home/pradeep/projects/pyodide-with-pyqt5/qt6-native-host/bin/qmake -install qinstall /home/pradeep/projects/pyodide-with-pyqt5/PyQt6-6.6.1/sip/QtCore/qchar.sip /home/pradeep/projects/pyodide-with-pyqt5/pyqt6-wasm-target/PyQt6/bindings/QtCore/qchar.sip
/home/pradeep/projects/pyodide-with-pyqt5/qt6-native-host/bin/qmake -install qinstall /home/pradeep/projects/pyodide-with-pyqt5/PyQt6-6.6.1/sip/QtCore/qpycore_qlist.sip /home/pradeep/projects/pyodide-with-pyqt5/pyqt6-wasm-target/PyQt6/bindings/QtCore/qpycore_qlist.sip
/home/pradeep/projects/pyodide-with-pyqt5/qt6-native-host/bin/qmake -install qinstall /home/pradeep/projects/pyodide-with-pyqt5/PyQt6-6.6.1/sip/QtCore/qwineventnotifier.sip /home/pradeep/projects/pyodide-with-pyqt5/pyqt6-wasm-target/PyQt6/bindings/QtCore/qwineventnotifier.sip
/home/pradeep/projects/pyodide-with-pyqt5/qt6-native-host/bin/qmake -install qinstall /home/pradeep/projects/pyodide-with-pyqt5/PyQt6-6.6.1/sip/QtCore/qstringlist.sip /home/pradeep/projects/pyodide-with-pyqt5/pyqt6-wasm-target/PyQt6/bindings/QtCore/qstringlist.sip
/home/pradeep/projects/pyodide-with-pyqt5/qt6-native-host/bin/qmake -install qinstall /home/pradeep/projects/pyodide-with-pyqt5/PyQt6-6.6.1/sip/QtCore/qjsonarray.sip /home/pradeep/projects/pyodide-with-pyqt5/pyqt6-wasm-target/PyQt6/bindings/QtCore/qjsonarray.sip
/home/pradeep/projects/pyodide-with-pyqt5/qt6-native-host/bin/qmake -install qinstall /home/pradeep/projects/pyodide-with-pyqt5/PyQt6-6.6.1/sip/QtCore/qpycore_virtual_error_handler.sip /home/pradeep/projects/pyodide-with-pyqt5/pyqt6-wasm-target/PyQt6/bindings/QtCore/qpycore_virtual_error_handler.sip
/home/pradeep/projects/pyodide-with-pyqt5/qt6-native-host/bin/qmake -install qinstall /home/pradeep/projects/pyodide-with-pyqt5/PyQt6-6.6.1/sip/QtCore/qpycore_qmap.sip /home/pradeep/projects/pyodide-with-pyqt5/pyqt6-wasm-target/PyQt6/bindings/QtCore/qpycore_qmap.sip
/home/pradeep/projects/pyodide-with-pyqt5/qt6-native-host/bin/qmake -install qinstall /home/pradeep/projects/pyodide-with-pyqt5/PyQt6-6.6.1/sip/QtCore/qbytearrayview.sip /home/pradeep/projects/pyodide-with-pyqt5/pyqt6-wasm-target/PyQt6/bindings/QtCore/qbytearrayview.sip
/home/pradeep/projects/pyodide-with-pyqt5/qt6-native-host/bin/qmake -install qinstall /home/pradeep/projects/pyodide-with-pyqt5/PyQt6-6.6.1/sip/QtCore/qpycore_qhash.sip /home/pradeep/projects/pyodide-with-pyqt5/pyqt6-wasm-target/PyQt6/bindings/QtCore/qpycore_qhash.sip
/home/pradeep/projects/pyodide-with-pyqt5/qt6-native-host/bin/qmake -install qinstall /home/pradeep/projects/pyodide-with-pyqt5/PyQt6-6.6.1/sip/QtCore/qmutexlocker.sip /home/pradeep/projects/pyodide-with-pyqt5/pyqt6-wasm-target/PyQt6/bindings/QtCore/qmutexlocker.sip
/home/pradeep/projects/pyodide-with-pyqt5/qt6-native-host/bin/qmake -install qinstall /home/pradeep/projects/pyodide-with-pyqt5/pyqt6-wasm-build/bindings/QtCore/QtCore.toml /home/pradeep/projects/pyodide-with-pyqt5/pyqt6-wasm-target/PyQt6/bindings/QtCore/QtCore.toml
/home/pradeep/projects/pyodide-with-pyqt5/qt6-native-host/bin/qmake -install qinstall /home/pradeep/projects/pyodide-with-pyqt5/pyqt6-wasm-build/QtCore/QtCore.abi3.so /home/pradeep/projects/pyodide-with-pyqt5/pyqt6-wasm-target/PyQt6/QtCore.abi3.so
make[1]: Leaving directory '/home/pradeep/projects/pyodide-with-pyqt5/pyqt6-wasm-build/QtCore'
cd QtGui/ && ( test -e Makefile || /home/pradeep/projects/pyodide-with-pyqt5/qt6-native-host/bin/qmake -o Makefile /home/pradeep/projects/pyodide-with-pyqt5/pyqt6-wasm-build/QtGui/QtGui.pro -qtconf /home/pradeep/projects/pyodide-with-pyqt5/qt6/qtbase/bin/target_qt.conf ) && make -f Makefile install
make[1]: Entering directory '/home/pradeep/projects/pyodide-with-pyqt5/pyqt6-wasm-build/QtGui'
/home/pradeep/projects/pyodide-with-pyqt5/qt6-native-host/bin/qmake -install qinstall /home/pradeep/projects/pyodide-with-pyqt5/PyQt6-6.6.1/sip/QtGui/QtGuimod.sip /home/pradeep/projects/pyodide-with-pyqt5/pyqt6-wasm-target/PyQt6/bindings/QtGui/QtGuimod.sip
/home/pradeep/projects/pyodide-with-pyqt5/qt6-native-host/bin/qmake -install qinstall /home/pradeep/projects/pyodide-with-pyqt5/PyQt6-6.6.1/sip/QtGui/qabstractfileiconprovider.sip /home/pradeep/projects/pyodide-with-pyqt5/pyqt6-wasm-target/PyQt6/bindings/QtGui/qabstractfileiconprovider.sip
/home/pradeep/projects/pyodide-with-pyqt5/qt6-native-host/bin/qmake -install qinstall /home/pradeep/projects/pyodide-with-pyqt5/PyQt6-6.6.1/sip/QtGui/qabstracttextdocumentlayout.sip /home/pradeep/projects/pyodide-with-pyqt5/pyqt6-wasm-target/PyQt6/bindings/QtGui/qabstracttextdocumentlayout.sip
/home/pradeep/projects/pyodide-with-pyqt5/qt6-native-host/bin/qmake -install qinstall /home/pradeep/projects/pyodide-with-pyqt5/PyQt6-6.6.1/sip/QtGui/qaction.sip /home/pradeep/projects/pyodide-with-pyqt5/pyqt6-wasm-target/PyQt6/bindings/QtGui/qaction.sip
/home/pradeep/projects/pyodide-with-pyqt5/qt6-native-host/bin/qmake -install qinstall /home/pradeep/projects/pyodide-with-pyqt5/PyQt6-6.6.1/sip/QtGui/qactiongroup.sip /home/pradeep/projects/pyodide-with-pyqt5/pyqt6-wasm-target/PyQt6/bindings/QtGui/qactiongroup.sip
/home/pradeep/projects/pyodide-with-pyqt5/qt6-native-host/bin/qmake -install qinstall /home/pradeep/projects/pyodide-with-pyqt5/PyQt6-6.6.1/sip/QtGui/qbackingstore.sip /home/pradeep/projects/pyodide-with-pyqt5/pyqt6-wasm-target/PyQt6/bindings/QtGui/qbackingstore.sip
/home/pradeep/projects/pyodide-with-pyqt5/qt6-native-host/bin/qmake -install qinstall /home/pradeep/projects/pyodide-with-pyqt5/PyQt6-6.6.1/sip/QtGui/qbitmap.sip /home/pradeep/projects/pyodide-with-pyqt5/pyqt6-wasm-target/PyQt6/bindings/QtGui/qbitmap.sip
/home/pradeep/projects/pyodide-with-pyqt5/qt6-native-host/bin/qmake -install qinstall /home/pradeep/projects/pyodide-with-pyqt5/PyQt6-6.6.1/sip/QtGui/qcolor.sip /home/pradeep/projects/pyodide-with-pyqt5/pyqt6-wasm-target/PyQt6/bindings/QtGui/qcolor.sip
/home/pradeep/projects/pyodide-with-pyqt5/qt6-native-host/bin/qmake -install qinstall /home/pradeep/projects/pyodide-with-pyqt5/PyQt6-6.6.1/sip/QtGui/qbrush.sip /home/pradeep/projects/pyodide-with-pyqt5/pyqt6-wasm-target/PyQt6/bindings/QtGui/qbrush.sip
/home/pradeep/projects/pyodide-with-pyqt5/qt6-native-host/bin/qmake -install qinstall /home/pradeep/projects/pyodide-with-pyqt5/PyQt6-6.6.1/sip/QtGui/qclipboard.sip /home/pradeep/projects/pyodide-with-pyqt5/pyqt6-wasm-target/PyQt6/bindings/QtGui/qclipboard.sip
/home/pradeep/projects/pyodide-with-pyqt5/qt6-native-host/bin/qmake -install qinstall /home/pradeep/projects/pyodide-with-pyqt5/PyQt6-6.6.1/sip/QtGui/qcolorspace.sip /home/pradeep/projects/pyodide-with-pyqt5/pyqt6-wasm-target/PyQt6/bindings/QtGui/qcolorspace.sip
/home/pradeep/projects/pyodide-with-pyqt5/qt6-native-host/bin/qmake -install qinstall /home/pradeep/projects/pyodide-with-pyqt5/PyQt6-6.6.1/sip/QtGui/qcolortransform.sip /home/pradeep/projects/pyodide-with-pyqt5/pyqt6-wasm-target/PyQt6/bindings/QtGui/qcolortransform.sip
/home/pradeep/projects/pyodide-with-pyqt5/qt6-native-host/bin/qmake -install qinstall /home/pradeep/projects/pyodide-with-pyqt5/PyQt6-6.6.1/sip/QtGui/qcursor.sip /home/pradeep/projects/pyodide-with-pyqt5/pyqt6-wasm-target/PyQt6/bindings/QtGui/qcursor.sip
/home/pradeep/projects/pyodide-with-pyqt5/qt6-native-host/bin/qmake -install qinstall /home/pradeep/projects/pyodide-with-pyqt5/PyQt6-6.6.1/sip/QtGui/qdesktopservices.sip /home/pradeep/projects/pyodide-with-pyqt5/pyqt6-wasm-target/PyQt6/bindings/QtGui/qdesktopservices.sip
/home/pradeep/projects/pyodide-with-pyqt5/qt6-native-host/bin/qmake -install qinstall /home/pradeep/projects/pyodide-with-pyqt5/PyQt6-6.6.1/sip/QtGui/qdrag.sip /home/pradeep/projects/pyodide-with-pyqt5/pyqt6-wasm-target/PyQt6/bindings/QtGui/qdrag.sip
/home/pradeep/projects/pyodide-with-pyqt5/qt6-native-host/bin/qmake -install qinstall /home/pradeep/projects/pyodide-with-pyqt5/PyQt6-6.6.1/sip/QtGui/qevent.sip /home/pradeep/projects/pyodide-with-pyqt5/pyqt6-wasm-target/PyQt6/bindings/QtGui/qevent.sip
/home/pradeep/projects/pyodide-with-pyqt5/qt6-native-host/bin/qmake -install qinstall /home/pradeep/projects/pyodide-with-pyqt5/PyQt6-6.6.1/sip/QtGui/qeventpoint.sip /home/pradeep/projects/pyodide-with-pyqt5/pyqt6-wasm-target/PyQt6/bindings/QtGui/qeventpoint.sip
/home/pradeep/projects/pyodide-with-pyqt5/qt6-native-host/bin/qmake -install qinstall /home/pradeep/projects/pyodide-with-pyqt5/PyQt6-6.6.1/sip/QtGui/qfilesystemmodel.sip /home/pradeep/projects/pyodide-with-pyqt5/pyqt6-wasm-target/PyQt6/bindings/QtGui/qfilesystemmodel.sip
/home/pradeep/projects/pyodide-with-pyqt5/qt6-native-host/bin/qmake -install qinstall /home/pradeep/projects/pyodide-with-pyqt5/PyQt6-6.6.1/sip/QtGui/qfont.sip /home/pradeep/projects/pyodide-with-pyqt5/pyqt6-wasm-target/PyQt6/bindings/QtGui/qfont.sip
/home/pradeep/projects/pyodide-with-pyqt5/qt6-native-host/bin/qmake -install qinstall /home/pradeep/projects/pyodide-with-pyqt5/PyQt6-6.6.1/sip/QtGui/qfontdatabase.sip /home/pradeep/projects/pyodide-with-pyqt5/pyqt6-wasm-target/PyQt6/bindings/QtGui/qfontdatabase.sip
/home/pradeep/projects/pyodide-with-pyqt5/qt6-native-host/bin/qmake -install qinstall /home/pradeep/projects/pyodide-with-pyqt5/PyQt6-6.6.1/sip/QtGui/qfontinfo.sip /home/pradeep/projects/pyodide-with-pyqt5/pyqt6-wasm-target/PyQt6/bindings/QtGui/qfontinfo.sip
/home/pradeep/projects/pyodide-with-pyqt5/qt6-native-host/bin/qmake -install qinstall /home/pradeep/projects/pyodide-with-pyqt5/PyQt6-6.6.1/sip/QtGui/qfontmetrics.sip /home/pradeep/projects/pyodide-with-pyqt5/pyqt6-wasm-target/PyQt6/bindings/QtGui/qfontmetrics.sip
/home/pradeep/projects/pyodide-with-pyqt5/qt6-native-host/bin/qmake -install qinstall /home/pradeep/projects/pyodide-with-pyqt5/PyQt6-6.6.1/sip/QtGui/qgenericmatrix.sip /home/pradeep/projects/pyodide-with-pyqt5/pyqt6-wasm-target/PyQt6/bindings/QtGui/qgenericmatrix.sip
/home/pradeep/projects/pyodide-with-pyqt5/qt6-native-host/bin/qmake -install qinstall /home/pradeep/projects/pyodide-with-pyqt5/PyQt6-6.6.1/sip/QtGui/qglyphrun.sip /home/pradeep/projects/pyodide-with-pyqt5/pyqt6-wasm-target/PyQt6/bindings/QtGui/qglyphrun.sip
/home/pradeep/projects/pyodide-with-pyqt5/qt6-native-host/bin/qmake -install qinstall /home/pradeep/projects/pyodide-with-pyqt5/PyQt6-6.6.1/sip/QtGui/qguiapplication.sip /home/pradeep/projects/pyodide-with-pyqt5/pyqt6-wasm-target/PyQt6/bindings/QtGui/qguiapplication.sip
/home/pradeep/projects/pyodide-with-pyqt5/qt6-native-host/bin/qmake -install qinstall /home/pradeep/projects/pyodide-with-pyqt5/PyQt6-6.6.1/sip/QtGui/qicon.sip /home/pradeep/projects/pyodide-with-pyqt5/pyqt6-wasm-target/PyQt6/bindings/QtGui/qicon.sip
/home/pradeep/projects/pyodide-with-pyqt5/qt6-native-host/bin/qmake -install qinstall /home/pradeep/projects/pyodide-with-pyqt5/PyQt6-6.6.1/sip/QtGui/qiconengine.sip /home/pradeep/projects/pyodide-with-pyqt5/pyqt6-wasm-target/PyQt6/bindings/QtGui/qiconengine.sip
/home/pradeep/projects/pyodide-with-pyqt5/qt6-native-host/bin/qmake -install qinstall /home/pradeep/projects/pyodide-with-pyqt5/PyQt6-6.6.1/sip/QtGui/qimage.sip /home/pradeep/projects/pyodide-with-pyqt5/pyqt6-wasm-target/PyQt6/bindings/QtGui/qimage.sip
/home/pradeep/projects/pyodide-with-pyqt5/qt6-native-host/bin/qmake -install qinstall /home/pradeep/projects/pyodide-with-pyqt5/PyQt6-6.6.1/sip/QtGui/qimageiohandler.sip /home/pradeep/projects/pyodide-with-pyqt5/pyqt6-wasm-target/PyQt6/bindings/QtGui/qimageiohandler.sip
/home/pradeep/projects/pyodide-with-pyqt5/qt6-native-host/bin/qmake -install qinstall /home/pradeep/projects/pyodide-with-pyqt5/PyQt6-6.6.1/sip/QtGui/qimagereader.sip /home/pradeep/projects/pyodide-with-pyqt5/pyqt6-wasm-target/PyQt6/bindings/QtGui/qimagereader.sip
/home/pradeep/projects/pyodide-with-pyqt5/qt6-native-host/bin/qmake -install qinstall /home/pradeep/projects/pyodide-with-pyqt5/PyQt6-6.6.1/sip/QtGui/qimagewriter.sip /home/pradeep/projects/pyodide-with-pyqt5/pyqt6-wasm-target/PyQt6/bindings/QtGui/qimagewriter.sip
/home/pradeep/projects/pyodide-with-pyqt5/qt6-native-host/bin/qmake -install qinstall /home/pradeep/projects/pyodide-with-pyqt5/PyQt6-6.6.1/sip/QtGui/qinputdevice.sip /home/pradeep/projects/pyodide-with-pyqt5/pyqt6-wasm-target/PyQt6/bindings/QtGui/qinputdevice.sip
/home/pradeep/projects/pyodide-with-pyqt5/qt6-native-host/bin/qmake -install qinstall /home/pradeep/projects/pyodide-with-pyqt5/PyQt6-6.6.1/sip/QtGui/qinputmethod.sip /home/pradeep/projects/pyodide-with-pyqt5/pyqt6-wasm-target/PyQt6/bindings/QtGui/qinputmethod.sip
/home/pradeep/projects/pyodide-with-pyqt5/qt6-native-host/bin/qmake -install qinstall /home/pradeep/projects/pyodide-with-pyqt5/PyQt6-6.6.1/sip/QtGui/qkeysequence.sip /home/pradeep/projects/pyodide-with-pyqt5/pyqt6-wasm-target/PyQt6/bindings/QtGui/qkeysequence.sip
/home/pradeep/projects/pyodide-with-pyqt5/qt6-native-host/bin/qmake -install qinstall /home/pradeep/projects/pyodide-with-pyqt5/PyQt6-6.6.1/sip/QtGui/qmatrix4x4.sip /home/pradeep/projects/pyodide-with-pyqt5/pyqt6-wasm-target/PyQt6/bindings/QtGui/qmatrix4x4.sip
/home/pradeep/projects/pyodide-with-pyqt5/qt6-native-host/bin/qmake -install qinstall /home/pradeep/projects/pyodide-with-pyqt5/PyQt6-6.6.1/sip/QtGui/qmovie.sip /home/pradeep/projects/pyodide-with-pyqt5/pyqt6-wasm-target/PyQt6/bindings/QtGui/qmovie.sip
/home/pradeep/projects/pyodide-with-pyqt5/qt6-native-host/bin/qmake -install qinstall /home/pradeep/projects/pyodide-with-pyqt5/PyQt6-6.6.1/sip/QtGui/qoffscreensurface.sip /home/pradeep/projects/pyodide-with-pyqt5/pyqt6-wasm-target/PyQt6/bindings/QtGui/qoffscreensurface.sip
/home/pradeep/projects/pyodide-with-pyqt5/qt6-native-host/bin/qmake -install qinstall /home/pradeep/projects/pyodide-with-pyqt5/PyQt6-6.6.1/sip/QtGui/qopenglcontext.sip /home/pradeep/projects/pyodide-with-pyqt5/pyqt6-wasm-target/PyQt6/bindings/QtGui/qopenglcontext.sip
/home/pradeep/projects/pyodide-with-pyqt5/qt6-native-host/bin/qmake -install qinstall /home/pradeep/projects/pyodide-with-pyqt5/PyQt6-6.6.1/sip/QtGui/qpagedpaintdevice.sip /home/pradeep/projects/pyodide-with-pyqt5/pyqt6-wasm-target/PyQt6/bindings/QtGui/qpagedpaintdevice.sip
/home/pradeep/projects/pyodide-with-pyqt5/qt6-native-host/bin/qmake -install qinstall /home/pradeep/projects/pyodide-with-pyqt5/PyQt6-6.6.1/sip/QtGui/qpagelayout.sip /home/pradeep/projects/pyodide-with-pyqt5/pyqt6-wasm-target/PyQt6/bindings/QtGui/qpagelayout.sip
/home/pradeep/projects/pyodide-with-pyqt5/qt6-native-host/bin/qmake -install qinstall /home/pradeep/projects/pyodide-with-pyqt5/PyQt6-6.6.1/sip/QtGui/qpageranges.sip /home/pradeep/projects/pyodide-with-pyqt5/pyqt6-wasm-target/PyQt6/bindings/QtGui/qpageranges.sip
/home/pradeep/projects/pyodide-with-pyqt5/qt6-native-host/bin/qmake -install qinstall /home/pradeep/projects/pyodide-with-pyqt5/PyQt6-6.6.1/sip/QtGui/qpagesize.sip /home/pradeep/projects/pyodide-with-pyqt5/pyqt6-wasm-target/PyQt6/bindings/QtGui/qpagesize.sip
/home/pradeep/projects/pyodide-with-pyqt5/qt6-native-host/bin/qmake -install qinstall /home/pradeep/projects/pyodide-with-pyqt5/PyQt6-6.6.1/sip/QtGui/qpaintdevice.sip /home/pradeep/projects/pyodide-with-pyqt5/pyqt6-wasm-target/PyQt6/bindings/QtGui/qpaintdevice.sip
/home/pradeep/projects/pyodide-with-pyqt5/qt6-native-host/bin/qmake -install qinstall /home/pradeep/projects/pyodide-with-pyqt5/PyQt6-6.6.1/sip/QtGui/qpaintdevicewindow.sip /home/pradeep/projects/pyodide-with-pyqt5/pyqt6-wasm-target/PyQt6/bindings/QtGui/qpaintdevicewindow.sip
/home/pradeep/projects/pyodide-with-pyqt5/qt6-native-host/bin/qmake -install qinstall /home/pradeep/projects/pyodide-with-pyqt5/PyQt6-6.6.1/sip/QtGui/qpaintengine.sip /home/pradeep/projects/pyodide-with-pyqt5/pyqt6-wasm-target/PyQt6/bindings/QtGui/qpaintengine.sip
/home/pradeep/projects/pyodide-with-pyqt5/qt6-native-host/bin/qmake -install qinstall /home/pradeep/projects/pyodide-with-pyqt5/PyQt6-6.6.1/sip/QtGui/qpainter.sip /home/pradeep/projects/pyodide-with-pyqt5/pyqt6-wasm-target/PyQt6/bindings/QtGui/qpainter.sip
/home/pradeep/projects/pyodide-with-pyqt5/qt6-native-host/bin/qmake -install qinstall /home/pradeep/projects/pyodide-with-pyqt5/PyQt6-6.6.1/sip/QtGui/qpainterpath.sip /home/pradeep/projects/pyodide-with-pyqt5/pyqt6-wasm-target/PyQt6/bindings/QtGui/qpainterpath.sip
/home/pradeep/projects/pyodide-with-pyqt5/qt6-native-host/bin/qmake -install qinstall /home/pradeep/projects/pyodide-with-pyqt5/PyQt6-6.6.1/sip/QtGui/qpalette.sip /home/pradeep/projects/pyodide-with-pyqt5/pyqt6-wasm-target/PyQt6/bindings/QtGui/qpalette.sip
/home/pradeep/projects/pyodide-with-pyqt5/qt6-native-host/bin/qmake -install qinstall /home/pradeep/projects/pyodide-with-pyqt5/PyQt6-6.6.1/sip/QtGui/qpdfwriter.sip /home/pradeep/projects/pyodide-with-pyqt5/pyqt6-wasm-target/PyQt6/bindings/QtGui/qpdfwriter.sip
/home/pradeep/projects/pyodide-with-pyqt5/qt6-native-host/bin/qmake -install qinstall /home/pradeep/projects/pyodide-with-pyqt5/PyQt6-6.6.1/sip/QtGui/qpen.sip /home/pradeep/projects/pyodide-with-pyqt5/pyqt6-wasm-target/PyQt6/bindings/QtGui/qpen.sip
/home/pradeep/projects/pyodide-with-pyqt5/qt6-native-host/bin/qmake -install qinstall /home/pradeep/projects/pyodide-with-pyqt5/PyQt6-6.6.1/sip/QtGui/qpicture.sip /home/pradeep/projects/pyodide-with-pyqt5/pyqt6-wasm-target/PyQt6/bindings/QtGui/qpicture.sip
/home/pradeep/projects/pyodide-with-pyqt5/qt6-native-host/bin/qmake -install qinstall /home/pradeep/projects/pyodide-with-pyqt5/PyQt6-6.6.1/sip/QtGui/qpixelformat.sip /home/pradeep/projects/pyodide-with-pyqt5/pyqt6-wasm-target/PyQt6/bindings/QtGui/qpixelformat.sip
/home/pradeep/projects/pyodide-with-pyqt5/qt6-native-host/bin/qmake -install qinstall /home/pradeep/projects/pyodide-with-pyqt5/PyQt6-6.6.1/sip/QtGui/qpixmap.sip /home/pradeep/projects/pyodide-with-pyqt5/pyqt6-wasm-target/PyQt6/bindings/QtGui/qpixmap.sip
/home/pradeep/projects/pyodide-with-pyqt5/qt6-native-host/bin/qmake -install qinstall /home/pradeep/projects/pyodide-with-pyqt5/PyQt6-6.6.1/sip/QtGui/qpixmapcache.sip /home/pradeep/projects/pyodide-with-pyqt5/pyqt6-wasm-target/PyQt6/bindings/QtGui/qpixmapcache.sip
/home/pradeep/projects/pyodide-with-pyqt5/qt6-native-host/bin/qmake -install qinstall /home/pradeep/projects/pyodide-with-pyqt5/PyQt6-6.6.1/sip/QtGui/qpointingdevice.sip /home/pradeep/projects/pyodide-with-pyqt5/pyqt6-wasm-target/PyQt6/bindings/QtGui/qpointingdevice.sip
/home/pradeep/projects/pyodide-with-pyqt5/qt6-native-host/bin/qmake -install qinstall /home/pradeep/projects/pyodide-with-pyqt5/PyQt6-6.6.1/sip/QtGui/qpolygon.sip /home/pradeep/projects/pyodide-with-pyqt5/pyqt6-wasm-target/PyQt6/bindings/QtGui/qpolygon.sip
/home/pradeep/projects/pyodide-with-pyqt5/qt6-native-host/bin/qmake -install qinstall /home/pradeep/projects/pyodide-with-pyqt5/PyQt6-6.6.1/sip/QtGui/qquaternion.sip /home/pradeep/projects/pyodide-with-pyqt5/pyqt6-wasm-target/PyQt6/bindings/QtGui/qquaternion.sip
/home/pradeep/projects/pyodide-with-pyqt5/qt6-native-host/bin/qmake -install qinstall /home/pradeep/projects/pyodide-with-pyqt5/PyQt6-6.6.1/sip/QtGui/qrasterwindow.sip /home/pradeep/projects/pyodide-with-pyqt5/pyqt6-wasm-target/PyQt6/bindings/QtGui/qrasterwindow.sip
/home/pradeep/projects/pyodide-with-pyqt5/qt6-native-host/bin/qmake -install qinstall /home/pradeep/projects/pyodide-with-pyqt5/PyQt6-6.6.1/sip/QtGui/qrawfont.sip /home/pradeep/projects/pyodide-with-pyqt5/pyqt6-wasm-target/PyQt6/bindings/QtGui/qrawfont.sip
/home/pradeep/projects/pyodide-with-pyqt5/qt6-native-host/bin/qmake -install qinstall /home/pradeep/projects/pyodide-with-pyqt5/PyQt6-6.6.1/sip/QtGui/qregion.sip /home/pradeep/projects/pyodide-with-pyqt5/pyqt6-wasm-target/PyQt6/bindings/QtGui/qregion.sip
/home/pradeep/projects/pyodide-with-pyqt5/qt6-native-host/bin/qmake -install qinstall /home/pradeep/projects/pyodide-with-pyqt5/PyQt6-6.6.1/sip/QtGui/qrgba64.sip /home/pradeep/projects/pyodide-with-pyqt5/pyqt6-wasm-target/PyQt6/bindings/QtGui/qrgba64.sip
/home/pradeep/projects/pyodide-with-pyqt5/qt6-native-host/bin/qmake -install qinstall /home/pradeep/projects/pyodide-with-pyqt5/PyQt6-6.6.1/sip/QtGui/qrgb.sip /home/pradeep/projects/pyodide-with-pyqt5/pyqt6-wasm-target/PyQt6/bindings/QtGui/qrgb.sip
/home/pradeep/projects/pyodide-with-pyqt5/qt6-native-host/bin/qmake -install qinstall /home/pradeep/projects/pyodide-with-pyqt5/PyQt6-6.6.1/sip/QtGui/qscreen.sip /home/pradeep/projects/pyodide-with-pyqt5/pyqt6-wasm-target/PyQt6/bindings/QtGui/qscreen.sip
/home/pradeep/projects/pyodide-with-pyqt5/qt6-native-host/bin/qmake -install qinstall /home/pradeep/projects/pyodide-with-pyqt5/PyQt6-6.6.1/sip/QtGui/qsessionmanager.sip /home/pradeep/projects/pyodide-with-pyqt5/pyqt6-wasm-target/PyQt6/bindings/QtGui/qsessionmanager.sip
/home/pradeep/projects/pyodide-with-pyqt5/qt6-native-host/bin/qmake -install qinstall /home/pradeep/projects/pyodide-with-pyqt5/PyQt6-6.6.1/sip/QtGui/qshortcut.sip /home/pradeep/projects/pyodide-with-pyqt5/pyqt6-wasm-target/PyQt6/bindings/QtGui/qshortcut.sip
/home/pradeep/projects/pyodide-with-pyqt5/qt6-native-host/bin/qmake -install qinstall /home/pradeep/projects/pyodide-with-pyqt5/PyQt6-6.6.1/sip/QtGui/qstandarditemmodel.sip /home/pradeep/projects/pyodide-with-pyqt5/pyqt6-wasm-target/PyQt6/bindings/QtGui/qstandarditemmodel.sip
/home/pradeep/projects/pyodide-with-pyqt5/qt6-native-host/bin/qmake -install qinstall /home/pradeep/projects/pyodide-with-pyqt5/PyQt6-6.6.1/sip/QtGui/qstatictext.sip /home/pradeep/projects/pyodide-with-pyqt5/pyqt6-wasm-target/PyQt6/bindings/QtGui/qstatictext.sip
/home/pradeep/projects/pyodide-with-pyqt5/qt6-native-host/bin/qmake -install qinstall /home/pradeep/projects/pyodide-with-pyqt5/PyQt6-6.6.1/sip/QtGui/qstylehints.sip /home/pradeep/projects/pyodide-with-pyqt5/pyqt6-wasm-target/PyQt6/bindings/QtGui/qstylehints.sip
/home/pradeep/projects/pyodide-with-pyqt5/qt6-native-host/bin/qmake -install qinstall /home/pradeep/projects/pyodide-with-pyqt5/PyQt6-6.6.1/sip/QtGui/qsurface.sip /home/pradeep/projects/pyodide-with-pyqt5/pyqt6-wasm-target/PyQt6/bindings/QtGui/qsurface.sip
/home/pradeep/projects/pyodide-with-pyqt5/qt6-native-host/bin/qmake -install qinstall /home/pradeep/projects/pyodide-with-pyqt5/PyQt6-6.6.1/sip/QtGui/qsurfaceformat.sip /home/pradeep/projects/pyodide-with-pyqt5/pyqt6-wasm-target/PyQt6/bindings/QtGui/qsurfaceformat.sip
/home/pradeep/projects/pyodide-with-pyqt5/qt6-native-host/bin/qmake -install qinstall /home/pradeep/projects/pyodide-with-pyqt5/PyQt6-6.6.1/sip/QtGui/qsyntaxhighlighter.sip /home/pradeep/projects/pyodide-with-pyqt5/pyqt6-wasm-target/PyQt6/bindings/QtGui/qsyntaxhighlighter.sip
/home/pradeep/projects/pyodide-with-pyqt5/qt6-native-host/bin/qmake -install qinstall /home/pradeep/projects/pyodide-with-pyqt5/PyQt6-6.6.1/sip/QtGui/qtextcursor.sip /home/pradeep/projects/pyodide-with-pyqt5/pyqt6-wasm-target/PyQt6/bindings/QtGui/qtextcursor.sip
/home/pradeep/projects/pyodide-with-pyqt5/qt6-native-host/bin/qmake -install qinstall /home/pradeep/projects/pyodide-with-pyqt5/PyQt6-6.6.1/sip/QtGui/qtextdocument.sip /home/pradeep/projects/pyodide-with-pyqt5/pyqt6-wasm-target/PyQt6/bindings/QtGui/qtextdocument.sip
/home/pradeep/projects/pyodide-with-pyqt5/qt6-native-host/bin/qmake -install qinstall /home/pradeep/projects/pyodide-with-pyqt5/PyQt6-6.6.1/sip/QtGui/qtextdocumentfragment.sip /home/pradeep/projects/pyodide-with-pyqt5/pyqt6-wasm-target/PyQt6/bindings/QtGui/qtextdocumentfragment.sip
/home/pradeep/projects/pyodide-with-pyqt5/qt6-native-host/bin/qmake -install qinstall /home/pradeep/projects/pyodide-with-pyqt5/PyQt6-6.6.1/sip/QtGui/qtextdocumentwriter.sip /home/pradeep/projects/pyodide-with-pyqt5/pyqt6-wasm-target/PyQt6/bindings/QtGui/qtextdocumentwriter.sip
/home/pradeep/projects/pyodide-with-pyqt5/qt6-native-host/bin/qmake -install qinstall /home/pradeep/projects/pyodide-with-pyqt5/PyQt6-6.6.1/sip/QtGui/qtextformat.sip /home/pradeep/projects/pyodide-with-pyqt5/pyqt6-wasm-target/PyQt6/bindings/QtGui/qtextformat.sip
/home/pradeep/projects/pyodide-with-pyqt5/qt6-native-host/bin/qmake -install qinstall /home/pradeep/projects/pyodide-with-pyqt5/PyQt6-6.6.1/sip/QtGui/qtextlayout.sip /home/pradeep/projects/pyodide-with-pyqt5/pyqt6-wasm-target/PyQt6/bindings/QtGui/qtextlayout.sip
/home/pradeep/projects/pyodide-with-pyqt5/qt6-native-host/bin/qmake -install qinstall /home/pradeep/projects/pyodide-with-pyqt5/PyQt6-6.6.1/sip/QtGui/qtextlist.sip /home/pradeep/projects/pyodide-with-pyqt5/pyqt6-wasm-target/PyQt6/bindings/QtGui/qtextlist.sip
/home/pradeep/projects/pyodide-with-pyqt5/qt6-native-host/bin/qmake -install qinstall /home/pradeep/projects/pyodide-with-pyqt5/PyQt6-6.6.1/sip/QtGui/qtextobject.sip /home/pradeep/projects/pyodide-with-pyqt5/pyqt6-wasm-target/PyQt6/bindings/QtGui/qtextobject.sip
/home/pradeep/projects/pyodide-with-pyqt5/qt6-native-host/bin/qmake -install qinstall /home/pradeep/projects/pyodide-with-pyqt5/PyQt6-6.6.1/sip/QtGui/qtextoption.sip /home/pradeep/projects/pyodide-with-pyqt5/pyqt6-wasm-target/PyQt6/bindings/QtGui/qtextoption.sip
/home/pradeep/projects/pyodide-with-pyqt5/qt6-native-host/bin/qmake -install qinstall /home/pradeep/projects/pyodide-with-pyqt5/PyQt6-6.6.1/sip/QtGui/qtexttable.sip /home/pradeep/projects/pyodide-with-pyqt5/pyqt6-wasm-target/PyQt6/bindings/QtGui/qtexttable.sip
/home/pradeep/projects/pyodide-with-pyqt5/qt6-native-host/bin/qmake -install qinstall /home/pradeep/projects/pyodide-with-pyqt5/PyQt6-6.6.1/sip/QtGui/qtransform.sip /home/pradeep/projects/pyodide-with-pyqt5/pyqt6-wasm-target/PyQt6/bindings/QtGui/qtransform.sip
/home/pradeep/projects/pyodide-with-pyqt5/qt6-native-host/bin/qmake -install qinstall /home/pradeep/projects/pyodide-with-pyqt5/PyQt6-6.6.1/sip/QtGui/qundogroup.sip /home/pradeep/projects/pyodide-with-pyqt5/pyqt6-wasm-target/PyQt6/bindings/QtGui/qundogroup.sip
/home/pradeep/projects/pyodide-with-pyqt5/qt6-native-host/bin/qmake -install qinstall /home/pradeep/projects/pyodide-with-pyqt5/PyQt6-6.6.1/sip/QtGui/qundostack.sip /home/pradeep/projects/pyodide-with-pyqt5/pyqt6-wasm-target/PyQt6/bindings/QtGui/qundostack.sip
/home/pradeep/projects/pyodide-with-pyqt5/qt6-native-host/bin/qmake -install qinstall /home/pradeep/projects/pyodide-with-pyqt5/PyQt6-6.6.1/sip/QtGui/qutimimeconverter.sip /home/pradeep/projects/pyodide-with-pyqt5/pyqt6-wasm-target/PyQt6/bindings/QtGui/qutimimeconverter.sip
/home/pradeep/projects/pyodide-with-pyqt5/qt6-native-host/bin/qmake -install qinstall /home/pradeep/projects/pyodide-with-pyqt5/PyQt6-6.6.1/sip/QtGui/qvalidator.sip /home/pradeep/projects/pyodide-with-pyqt5/pyqt6-wasm-target/PyQt6/bindings/QtGui/qvalidator.sip
/home/pradeep/projects/pyodide-with-pyqt5/qt6-native-host/bin/qmake -install qinstall /home/pradeep/projects/pyodide-with-pyqt5/PyQt6-6.6.1/sip/QtGui/qvectornd.sip /home/pradeep/projects/pyodide-with-pyqt5/pyqt6-wasm-target/PyQt6/bindings/QtGui/qvectornd.sip
/home/pradeep/projects/pyodide-with-pyqt5/qt6-native-host/bin/qmake -install qinstall /home/pradeep/projects/pyodide-with-pyqt5/PyQt6-6.6.1/sip/QtGui/qwindow.sip /home/pradeep/projects/pyodide-with-pyqt5/pyqt6-wasm-target/PyQt6/bindings/QtGui/qwindow.sip
/home/pradeep/projects/pyodide-with-pyqt5/qt6-native-host/bin/qmake -install qinstall /home/pradeep/projects/pyodide-with-pyqt5/PyQt6-6.6.1/sip/QtGui/qwindowdefs.sip /home/pradeep/projects/pyodide-with-pyqt5/pyqt6-wasm-target/PyQt6/bindings/QtGui/qwindowdefs.sip
/home/pradeep/projects/pyodide-with-pyqt5/qt6-native-host/bin/qmake -install qinstall /home/pradeep/projects/pyodide-with-pyqt5/PyQt6-6.6.1/sip/QtGui/qpygui_qlist.sip /home/pradeep/projects/pyodide-with-pyqt5/pyqt6-wasm-target/PyQt6/bindings/QtGui/qpygui_qlist.sip
/home/pradeep/projects/pyodide-with-pyqt5/qt6-native-host/bin/qmake -install qinstall /home/pradeep/projects/pyodide-with-pyqt5/PyQt6-6.6.1/sip/QtGui/opengl_types.sip /home/pradeep/projects/pyodide-with-pyqt5/pyqt6-wasm-target/PyQt6/bindings/QtGui/opengl_types.sip
/home/pradeep/projects/pyodide-with-pyqt5/qt6-native-host/bin/qmake -install qinstall /home/pradeep/projects/pyodide-with-pyqt5/pyqt6-wasm-build/bindings/QtGui/QtGui.toml /home/pradeep/projects/pyodide-with-pyqt5/pyqt6-wasm-target/PyQt6/bindings/QtGui/QtGui.toml
/home/pradeep/projects/pyodide-with-pyqt5/qt6-native-host/bin/qmake -install qinstall /home/pradeep/projects/pyodide-with-pyqt5/pyqt6-wasm-build/QtGui/QtGui.abi3.so /home/pradeep/projects/pyodide-with-pyqt5/pyqt6-wasm-target/PyQt6/QtGui.abi3.so
make[1]: Leaving directory '/home/pradeep/projects/pyodide-with-pyqt5/pyqt6-wasm-build/QtGui'
cd QtWidgets/ && ( test -e Makefile || /home/pradeep/projects/pyodide-with-pyqt5/qt6-native-host/bin/qmake -o Makefile /home/pradeep/projects/pyodide-with-pyqt5/pyqt6-wasm-build/QtWidgets/QtWidgets.pro -qtconf /home/pradeep/projects/pyodide-with-pyqt5/qt6/qtbase/bin/target_qt.conf ) && make -f Makefile install
make[1]: Entering directory '/home/pradeep/projects/pyodide-with-pyqt5/pyqt6-wasm-build/QtWidgets'
/home/pradeep/projects/pyodide-with-pyqt5/qt6-native-host/bin/qmake -install qinstall /home/pradeep/projects/pyodide-with-pyqt5/PyQt6-6.6.1/sip/QtWidgets/QtWidgetsmod.sip /home/pradeep/projects/pyodide-with-pyqt5/pyqt6-wasm-target/PyQt6/bindings/QtWidgets/QtWidgetsmod.sip
/home/pradeep/projects/pyodide-with-pyqt5/qt6-native-host/bin/qmake -install qinstall /home/pradeep/projects/pyodide-with-pyqt5/PyQt6-6.6.1/sip/QtWidgets/qabstractbutton.sip /home/pradeep/projects/pyodide-with-pyqt5/pyqt6-wasm-target/PyQt6/bindings/QtWidgets/qabstractbutton.sip
/home/pradeep/projects/pyodide-with-pyqt5/qt6-native-host/bin/qmake -install qinstall /home/pradeep/projects/pyodide-with-pyqt5/PyQt6-6.6.1/sip/QtWidgets/qabstractitemdelegate.sip /home/pradeep/projects/pyodide-with-pyqt5/pyqt6-wasm-target/PyQt6/bindings/QtWidgets/qabstractitemdelegate.sip
/home/pradeep/projects/pyodide-with-pyqt5/qt6-native-host/bin/qmake -install qinstall /home/pradeep/projects/pyodide-with-pyqt5/PyQt6-6.6.1/sip/QtWidgets/qabstractitemview.sip /home/pradeep/projects/pyodide-with-pyqt5/pyqt6-wasm-target/PyQt6/bindings/QtWidgets/qabstractitemview.sip
/home/pradeep/projects/pyodide-with-pyqt5/qt6-native-host/bin/qmake -install qinstall /home/pradeep/projects/pyodide-with-pyqt5/PyQt6-6.6.1/sip/QtWidgets/qabstractscrollarea.sip /home/pradeep/projects/pyodide-with-pyqt5/pyqt6-wasm-target/PyQt6/bindings/QtWidgets/qabstractscrollarea.sip
/home/pradeep/projects/pyodide-with-pyqt5/qt6-native-host/bin/qmake -install qinstall /home/pradeep/projects/pyodide-with-pyqt5/PyQt6-6.6.1/sip/QtWidgets/qabstractslider.sip /home/pradeep/projects/pyodide-with-pyqt5/pyqt6-wasm-target/PyQt6/bindings/QtWidgets/qabstractslider.sip
/home/pradeep/projects/pyodide-with-pyqt5/qt6-native-host/bin/qmake -install qinstall /home/pradeep/projects/pyodide-with-pyqt5/PyQt6-6.6.1/sip/QtWidgets/qabstractspinbox.sip /home/pradeep/projects/pyodide-with-pyqt5/pyqt6-wasm-target/PyQt6/bindings/QtWidgets/qabstractspinbox.sip
/home/pradeep/projects/pyodide-with-pyqt5/qt6-native-host/bin/qmake -install qinstall /home/pradeep/projects/pyodide-with-pyqt5/PyQt6-6.6.1/sip/QtWidgets/qapplication.sip /home/pradeep/projects/pyodide-with-pyqt5/pyqt6-wasm-target/PyQt6/bindings/QtWidgets/qapplication.sip
/home/pradeep/projects/pyodide-with-pyqt5/qt6-native-host/bin/qmake -install qinstall /home/pradeep/projects/pyodide-with-pyqt5/PyQt6-6.6.1/sip/QtWidgets/qboxlayout.sip /home/pradeep/projects/pyodide-with-pyqt5/pyqt6-wasm-target/PyQt6/bindings/QtWidgets/qboxlayout.sip
/home/pradeep/projects/pyodide-with-pyqt5/qt6-native-host/bin/qmake -install qinstall /home/pradeep/projects/pyodide-with-pyqt5/PyQt6-6.6.1/sip/QtWidgets/qbuttongroup.sip /home/pradeep/projects/pyodide-with-pyqt5/pyqt6-wasm-target/PyQt6/bindings/QtWidgets/qbuttongroup.sip
/home/pradeep/projects/pyodide-with-pyqt5/qt6-native-host/bin/qmake -install qinstall /home/pradeep/projects/pyodide-with-pyqt5/PyQt6-6.6.1/sip/QtWidgets/qcalendarwidget.sip /home/pradeep/projects/pyodide-with-pyqt5/pyqt6-wasm-target/PyQt6/bindings/QtWidgets/qcalendarwidget.sip
/home/pradeep/projects/pyodide-with-pyqt5/qt6-native-host/bin/qmake -install qinstall /home/pradeep/projects/pyodide-with-pyqt5/PyQt6-6.6.1/sip/QtWidgets/qcheckbox.sip /home/pradeep/projects/pyodide-with-pyqt5/pyqt6-wasm-target/PyQt6/bindings/QtWidgets/qcheckbox.sip
/home/pradeep/projects/pyodide-with-pyqt5/qt6-native-host/bin/qmake -install qinstall /home/pradeep/projects/pyodide-with-pyqt5/PyQt6-6.6.1/sip/QtWidgets/qcolordialog.sip /home/pradeep/projects/pyodide-with-pyqt5/pyqt6-wasm-target/PyQt6/bindings/QtWidgets/qcolordialog.sip
/home/pradeep/projects/pyodide-with-pyqt5/qt6-native-host/bin/qmake -install qinstall /home/pradeep/projects/pyodide-with-pyqt5/PyQt6-6.6.1/sip/QtWidgets/qcolumnview.sip /home/pradeep/projects/pyodide-with-pyqt5/pyqt6-wasm-target/PyQt6/bindings/QtWidgets/qcolumnview.sip
/home/pradeep/projects/pyodide-with-pyqt5/qt6-native-host/bin/qmake -install qinstall /home/pradeep/projects/pyodide-with-pyqt5/PyQt6-6.6.1/sip/QtWidgets/qcombobox.sip /home/pradeep/projects/pyodide-with-pyqt5/pyqt6-wasm-target/PyQt6/bindings/QtWidgets/qcombobox.sip
/home/pradeep/projects/pyodide-with-pyqt5/qt6-native-host/bin/qmake -install qinstall /home/pradeep/projects/pyodide-with-pyqt5/PyQt6-6.6.1/sip/QtWidgets/qcommandlinkbutton.sip /home/pradeep/projects/pyodide-with-pyqt5/pyqt6-wasm-target/PyQt6/bindings/QtWidgets/qcommandlinkbutton.sip
/home/pradeep/projects/pyodide-with-pyqt5/qt6-native-host/bin/qmake -install qinstall /home/pradeep/projects/pyodide-with-pyqt5/PyQt6-6.6.1/sip/QtWidgets/qcommonstyle.sip /home/pradeep/projects/pyodide-with-pyqt5/pyqt6-wasm-target/PyQt6/bindings/QtWidgets/qcommonstyle.sip
/home/pradeep/projects/pyodide-with-pyqt5/qt6-native-host/bin/qmake -install qinstall /home/pradeep/projects/pyodide-with-pyqt5/PyQt6-6.6.1/sip/QtWidgets/qcompleter.sip /home/pradeep/projects/pyodide-with-pyqt5/pyqt6-wasm-target/PyQt6/bindings/QtWidgets/qcompleter.sip
/home/pradeep/projects/pyodide-with-pyqt5/qt6-native-host/bin/qmake -install qinstall /home/pradeep/projects/pyodide-with-pyqt5/PyQt6-6.6.1/sip/QtWidgets/qdatawidgetmapper.sip /home/pradeep/projects/pyodide-with-pyqt5/pyqt6-wasm-target/PyQt6/bindings/QtWidgets/qdatawidgetmapper.sip
/home/pradeep/projects/pyodide-with-pyqt5/qt6-native-host/bin/qmake -install qinstall /home/pradeep/projects/pyodide-with-pyqt5/PyQt6-6.6.1/sip/QtWidgets/qdatetimeedit.sip /home/pradeep/projects/pyodide-with-pyqt5/pyqt6-wasm-target/PyQt6/bindings/QtWidgets/qdatetimeedit.sip
/home/pradeep/projects/pyodide-with-pyqt5/qt6-native-host/bin/qmake -install qinstall /home/pradeep/projects/pyodide-with-pyqt5/PyQt6-6.6.1/sip/QtWidgets/qdial.sip /home/pradeep/projects/pyodide-with-pyqt5/pyqt6-wasm-target/PyQt6/bindings/QtWidgets/qdial.sip
/home/pradeep/projects/pyodide-with-pyqt5/qt6-native-host/bin/qmake -install qinstall /home/pradeep/projects/pyodide-with-pyqt5/PyQt6-6.6.1/sip/QtWidgets/qdialog.sip /home/pradeep/projects/pyodide-with-pyqt5/pyqt6-wasm-target/PyQt6/bindings/QtWidgets/qdialog.sip
/home/pradeep/projects/pyodide-with-pyqt5/qt6-native-host/bin/qmake -install qinstall /home/pradeep/projects/pyodide-with-pyqt5/PyQt6-6.6.1/sip/QtWidgets/qdialogbuttonbox.sip /home/pradeep/projects/pyodide-with-pyqt5/pyqt6-wasm-target/PyQt6/bindings/QtWidgets/qdialogbuttonbox.sip
/home/pradeep/projects/pyodide-with-pyqt5/qt6-native-host/bin/qmake -install qinstall /home/pradeep/projects/pyodide-with-pyqt5/PyQt6-6.6.1/sip/QtWidgets/qdockwidget.sip /home/pradeep/projects/pyodide-with-pyqt5/pyqt6-wasm-target/PyQt6/bindings/QtWidgets/qdockwidget.sip
/home/pradeep/projects/pyodide-with-pyqt5/qt6-native-host/bin/qmake -install qinstall /home/pradeep/projects/pyodide-with-pyqt5/PyQt6-6.6.1/sip/QtWidgets/qdrawutil.sip /home/pradeep/projects/pyodide-with-pyqt5/pyqt6-wasm-target/PyQt6/bindings/QtWidgets/qdrawutil.sip
/home/pradeep/projects/pyodide-with-pyqt5/qt6-native-host/bin/qmake -install qinstall /home/pradeep/projects/pyodide-with-pyqt5/PyQt6-6.6.1/sip/QtWidgets/qerrormessage.sip /home/pradeep/projects/pyodide-with-pyqt5/pyqt6-wasm-target/PyQt6/bindings/QtWidgets/qerrormessage.sip
/home/pradeep/projects/pyodide-with-pyqt5/qt6-native-host/bin/qmake -install qinstall /home/pradeep/projects/pyodide-with-pyqt5/PyQt6-6.6.1/sip/QtWidgets/qfiledialog.sip /home/pradeep/projects/pyodide-with-pyqt5/pyqt6-wasm-target/PyQt6/bindings/QtWidgets/qfiledialog.sip
/home/pradeep/projects/pyodide-with-pyqt5/qt6-native-host/bin/qmake -install qinstall /home/pradeep/projects/pyodide-with-pyqt5/PyQt6-6.6.1/sip/QtWidgets/qfileiconprovider.sip /home/pradeep/projects/pyodide-with-pyqt5/pyqt6-wasm-target/PyQt6/bindings/QtWidgets/qfileiconprovider.sip
/home/pradeep/projects/pyodide-with-pyqt5/qt6-native-host/bin/qmake -install qinstall /home/pradeep/projects/pyodide-with-pyqt5/PyQt6-6.6.1/sip/QtWidgets/qfocusframe.sip /home/pradeep/projects/pyodide-with-pyqt5/pyqt6-wasm-target/PyQt6/bindings/QtWidgets/qfocusframe.sip
/home/pradeep/projects/pyodide-with-pyqt5/qt6-native-host/bin/qmake -install qinstall /home/pradeep/projects/pyodide-with-pyqt5/PyQt6-6.6.1/sip/QtWidgets/qfontcombobox.sip /home/pradeep/projects/pyodide-with-pyqt5/pyqt6-wasm-target/PyQt6/bindings/QtWidgets/qfontcombobox.sip
/home/pradeep/projects/pyodide-with-pyqt5/qt6-native-host/bin/qmake -install qinstall /home/pradeep/projects/pyodide-with-pyqt5/PyQt6-6.6.1/sip/QtWidgets/qfontdialog.sip /home/pradeep/projects/pyodide-with-pyqt5/pyqt6-wasm-target/PyQt6/bindings/QtWidgets/qfontdialog.sip
/home/pradeep/projects/pyodide-with-pyqt5/qt6-native-host/bin/qmake -install qinstall /home/pradeep/projects/pyodide-with-pyqt5/PyQt6-6.6.1/sip/QtWidgets/qformlayout.sip /home/pradeep/projects/pyodide-with-pyqt5/pyqt6-wasm-target/PyQt6/bindings/QtWidgets/qformlayout.sip
/home/pradeep/projects/pyodide-with-pyqt5/qt6-native-host/bin/qmake -install qinstall /home/pradeep/projects/pyodide-with-pyqt5/PyQt6-6.6.1/sip/QtWidgets/qframe.sip /home/pradeep/projects/pyodide-with-pyqt5/pyqt6-wasm-target/PyQt6/bindings/QtWidgets/qframe.sip
/home/pradeep/projects/pyodide-with-pyqt5/qt6-native-host/bin/qmake -install qinstall /home/pradeep/projects/pyodide-with-pyqt5/PyQt6-6.6.1/sip/QtWidgets/qgesture.sip /home/pradeep/projects/pyodide-with-pyqt5/pyqt6-wasm-target/PyQt6/bindings/QtWidgets/qgesture.sip
/home/pradeep/projects/pyodide-with-pyqt5/qt6-native-host/bin/qmake -install qinstall /home/pradeep/projects/pyodide-with-pyqt5/PyQt6-6.6.1/sip/QtWidgets/qgesturerecognizer.sip /home/pradeep/projects/pyodide-with-pyqt5/pyqt6-wasm-target/PyQt6/bindings/QtWidgets/qgesturerecognizer.sip
/home/pradeep/projects/pyodide-with-pyqt5/qt6-native-host/bin/qmake -install qinstall /home/pradeep/projects/pyodide-with-pyqt5/PyQt6-6.6.1/sip/QtWidgets/qgraphicsanchorlayout.sip /home/pradeep/projects/pyodide-with-pyqt5/pyqt6-wasm-target/PyQt6/bindings/QtWidgets/qgraphicsanchorlayout.sip
/home/pradeep/projects/pyodide-with-pyqt5/qt6-native-host/bin/qmake -install qinstall /home/pradeep/projects/pyodide-with-pyqt5/PyQt6-6.6.1/sip/QtWidgets/qgraphicseffect.sip /home/pradeep/projects/pyodide-with-pyqt5/pyqt6-wasm-target/PyQt6/bindings/QtWidgets/qgraphicseffect.sip
/home/pradeep/projects/pyodide-with-pyqt5/qt6-native-host/bin/qmake -install qinstall /home/pradeep/projects/pyodide-with-pyqt5/PyQt6-6.6.1/sip/QtWidgets/qgraphicsgridlayout.sip /home/pradeep/projects/pyodide-with-pyqt5/pyqt6-wasm-target/PyQt6/bindings/QtWidgets/qgraphicsgridlayout.sip
/home/pradeep/projects/pyodide-with-pyqt5/qt6-native-host/bin/qmake -install qinstall /home/pradeep/projects/pyodide-with-pyqt5/PyQt6-6.6.1/sip/QtWidgets/qgraphicsitem.sip /home/pradeep/projects/pyodide-with-pyqt5/pyqt6-wasm-target/PyQt6/bindings/QtWidgets/qgraphicsitem.sip
/home/pradeep/projects/pyodide-with-pyqt5/qt6-native-host/bin/qmake -install qinstall /home/pradeep/projects/pyodide-with-pyqt5/PyQt6-6.6.1/sip/QtWidgets/qgraphicslayout.sip /home/pradeep/projects/pyodide-with-pyqt5/pyqt6-wasm-target/PyQt6/bindings/QtWidgets/qgraphicslayout.sip
/home/pradeep/projects/pyodide-with-pyqt5/qt6-native-host/bin/qmake -install qinstall /home/pradeep/projects/pyodide-with-pyqt5/PyQt6-6.6.1/sip/QtWidgets/qgraphicslayoutitem.sip /home/pradeep/projects/pyodide-with-pyqt5/pyqt6-wasm-target/PyQt6/bindings/QtWidgets/qgraphicslayoutitem.sip
/home/pradeep/projects/pyodide-with-pyqt5/qt6-native-host/bin/qmake -install qinstall /home/pradeep/projects/pyodide-with-pyqt5/PyQt6-6.6.1/sip/QtWidgets/qgraphicslinearlayout.sip /home/pradeep/projects/pyodide-with-pyqt5/pyqt6-wasm-target/PyQt6/bindings/QtWidgets/qgraphicslinearlayout.sip
/home/pradeep/projects/pyodide-with-pyqt5/qt6-native-host/bin/qmake -install qinstall /home/pradeep/projects/pyodide-with-pyqt5/PyQt6-6.6.1/sip/QtWidgets/qgraphicsproxywidget.sip /home/pradeep/projects/pyodide-with-pyqt5/pyqt6-wasm-target/PyQt6/bindings/QtWidgets/qgraphicsproxywidget.sip
/home/pradeep/projects/pyodide-with-pyqt5/qt6-native-host/bin/qmake -install qinstall /home/pradeep/projects/pyodide-with-pyqt5/PyQt6-6.6.1/sip/QtWidgets/qgraphicsscene.sip /home/pradeep/projects/pyodide-with-pyqt5/pyqt6-wasm-target/PyQt6/bindings/QtWidgets/qgraphicsscene.sip
/home/pradeep/projects/pyodide-with-pyqt5/qt6-native-host/bin/qmake -install qinstall /home/pradeep/projects/pyodide-with-pyqt5/PyQt6-6.6.1/sip/QtWidgets/qgraphicssceneevent.sip /home/pradeep/projects/pyodide-with-pyqt5/pyqt6-wasm-target/PyQt6/bindings/QtWidgets/qgraphicssceneevent.sip
/home/pradeep/projects/pyodide-with-pyqt5/qt6-native-host/bin/qmake -install qinstall /home/pradeep/projects/pyodide-with-pyqt5/PyQt6-6.6.1/sip/QtWidgets/qgraphicstransform.sip /home/pradeep/projects/pyodide-with-pyqt5/pyqt6-wasm-target/PyQt6/bindings/QtWidgets/qgraphicstransform.sip
/home/pradeep/projects/pyodide-with-pyqt5/qt6-native-host/bin/qmake -install qinstall /home/pradeep/projects/pyodide-with-pyqt5/PyQt6-6.6.1/sip/QtWidgets/qgraphicsview.sip /home/pradeep/projects/pyodide-with-pyqt5/pyqt6-wasm-target/PyQt6/bindings/QtWidgets/qgraphicsview.sip
/home/pradeep/projects/pyodide-with-pyqt5/qt6-native-host/bin/qmake -install qinstall /home/pradeep/projects/pyodide-with-pyqt5/PyQt6-6.6.1/sip/QtWidgets/qgraphicswidget.sip /home/pradeep/projects/pyodide-with-pyqt5/pyqt6-wasm-target/PyQt6/bindings/QtWidgets/qgraphicswidget.sip
/home/pradeep/projects/pyodide-with-pyqt5/qt6-native-host/bin/qmake -install qinstall /home/pradeep/projects/pyodide-with-pyqt5/PyQt6-6.6.1/sip/QtWidgets/qgridlayout.sip /home/pradeep/projects/pyodide-with-pyqt5/pyqt6-wasm-target/PyQt6/bindings/QtWidgets/qgridlayout.sip
/home/pradeep/projects/pyodide-with-pyqt5/qt6-native-host/bin/qmake -install qinstall /home/pradeep/projects/pyodide-with-pyqt5/PyQt6-6.6.1/sip/QtWidgets/qgroupbox.sip /home/pradeep/projects/pyodide-with-pyqt5/pyqt6-wasm-target/PyQt6/bindings/QtWidgets/qgroupbox.sip
/home/pradeep/projects/pyodide-with-pyqt5/qt6-native-host/bin/qmake -install qinstall /home/pradeep/projects/pyodide-with-pyqt5/PyQt6-6.6.1/sip/QtWidgets/qheaderview.sip /home/pradeep/projects/pyodide-with-pyqt5/pyqt6-wasm-target/PyQt6/bindings/QtWidgets/qheaderview.sip
/home/pradeep/projects/pyodide-with-pyqt5/qt6-native-host/bin/qmake -install qinstall /home/pradeep/projects/pyodide-with-pyqt5/PyQt6-6.6.1/sip/QtWidgets/qinputdialog.sip /home/pradeep/projects/pyodide-with-pyqt5/pyqt6-wasm-target/PyQt6/bindings/QtWidgets/qinputdialog.sip
/home/pradeep/projects/pyodide-with-pyqt5/qt6-native-host/bin/qmake -install qinstall /home/pradeep/projects/pyodide-with-pyqt5/PyQt6-6.6.1/sip/QtWidgets/qitemdelegate.sip /home/pradeep/projects/pyodide-with-pyqt5/pyqt6-wasm-target/PyQt6/bindings/QtWidgets/qitemdelegate.sip
/home/pradeep/projects/pyodide-with-pyqt5/qt6-native-host/bin/qmake -install qinstall /home/pradeep/projects/pyodide-with-pyqt5/PyQt6-6.6.1/sip/QtWidgets/qitemeditorfactory.sip /home/pradeep/projects/pyodide-with-pyqt5/pyqt6-wasm-target/PyQt6/bindings/QtWidgets/qitemeditorfactory.sip
/home/pradeep/projects/pyodide-with-pyqt5/qt6-native-host/bin/qmake -install qinstall /home/pradeep/projects/pyodide-with-pyqt5/PyQt6-6.6.1/sip/QtWidgets/qkeysequenceedit.sip /home/pradeep/projects/pyodide-with-pyqt5/pyqt6-wasm-target/PyQt6/bindings/QtWidgets/qkeysequenceedit.sip
/home/pradeep/projects/pyodide-with-pyqt5/qt6-native-host/bin/qmake -install qinstall /home/pradeep/projects/pyodide-with-pyqt5/PyQt6-6.6.1/sip/QtWidgets/qlabel.sip /home/pradeep/projects/pyodide-with-pyqt5/pyqt6-wasm-target/PyQt6/bindings/QtWidgets/qlabel.sip
/home/pradeep/projects/pyodide-with-pyqt5/qt6-native-host/bin/qmake -install qinstall /home/pradeep/projects/pyodide-with-pyqt5/PyQt6-6.6.1/sip/QtWidgets/qlayout.sip /home/pradeep/projects/pyodide-with-pyqt5/pyqt6-wasm-target/PyQt6/bindings/QtWidgets/qlayout.sip
/home/pradeep/projects/pyodide-with-pyqt5/qt6-native-host/bin/qmake -install qinstall /home/pradeep/projects/pyodide-with-pyqt5/PyQt6-6.6.1/sip/QtWidgets/qlayoutitem.sip /home/pradeep/projects/pyodide-with-pyqt5/pyqt6-wasm-target/PyQt6/bindings/QtWidgets/qlayoutitem.sip
/home/pradeep/projects/pyodide-with-pyqt5/qt6-native-host/bin/qmake -install qinstall /home/pradeep/projects/pyodide-with-pyqt5/PyQt6-6.6.1/sip/QtWidgets/qlcdnumber.sip /home/pradeep/projects/pyodide-with-pyqt5/pyqt6-wasm-target/PyQt6/bindings/QtWidgets/qlcdnumber.sip
/home/pradeep/projects/pyodide-with-pyqt5/qt6-native-host/bin/qmake -install qinstall /home/pradeep/projects/pyodide-with-pyqt5/PyQt6-6.6.1/sip/QtWidgets/qlineedit.sip /home/pradeep/projects/pyodide-with-pyqt5/pyqt6-wasm-target/PyQt6/bindings/QtWidgets/qlineedit.sip
/home/pradeep/projects/pyodide-with-pyqt5/qt6-native-host/bin/qmake -install qinstall /home/pradeep/projects/pyodide-with-pyqt5/PyQt6-6.6.1/sip/QtWidgets/qlistview.sip /home/pradeep/projects/pyodide-with-pyqt5/pyqt6-wasm-target/PyQt6/bindings/QtWidgets/qlistview.sip
/home/pradeep/projects/pyodide-with-pyqt5/qt6-native-host/bin/qmake -install qinstall /home/pradeep/projects/pyodide-with-pyqt5/PyQt6-6.6.1/sip/QtWidgets/qlistwidget.sip /home/pradeep/projects/pyodide-with-pyqt5/pyqt6-wasm-target/PyQt6/bindings/QtWidgets/qlistwidget.sip
/home/pradeep/projects/pyodide-with-pyqt5/qt6-native-host/bin/qmake -install qinstall /home/pradeep/projects/pyodide-with-pyqt5/PyQt6-6.6.1/sip/QtWidgets/qmainwindow.sip /home/pradeep/projects/pyodide-with-pyqt5/pyqt6-wasm-target/PyQt6/bindings/QtWidgets/qmainwindow.sip
/home/pradeep/projects/pyodide-with-pyqt5/qt6-native-host/bin/qmake -install qinstall /home/pradeep/projects/pyodide-with-pyqt5/PyQt6-6.6.1/sip/QtWidgets/qmdiarea.sip /home/pradeep/projects/pyodide-with-pyqt5/pyqt6-wasm-target/PyQt6/bindings/QtWidgets/qmdiarea.sip
/home/pradeep/projects/pyodide-with-pyqt5/qt6-native-host/bin/qmake -install qinstall /home/pradeep/projects/pyodide-with-pyqt5/PyQt6-6.6.1/sip/QtWidgets/qmdisubwindow.sip /home/pradeep/projects/pyodide-with-pyqt5/pyqt6-wasm-target/PyQt6/bindings/QtWidgets/qmdisubwindow.sip
/home/pradeep/projects/pyodide-with-pyqt5/qt6-native-host/bin/qmake -install qinstall /home/pradeep/projects/pyodide-with-pyqt5/PyQt6-6.6.1/sip/QtWidgets/qmenu.sip /home/pradeep/projects/pyodide-with-pyqt5/pyqt6-wasm-target/PyQt6/bindings/QtWidgets/qmenu.sip
/home/pradeep/projects/pyodide-with-pyqt5/qt6-native-host/bin/qmake -install qinstall /home/pradeep/projects/pyodide-with-pyqt5/PyQt6-6.6.1/sip/QtWidgets/qmenubar.sip /home/pradeep/projects/pyodide-with-pyqt5/pyqt6-wasm-target/PyQt6/bindings/QtWidgets/qmenubar.sip
/home/pradeep/projects/pyodide-with-pyqt5/qt6-native-host/bin/qmake -install qinstall /home/pradeep/projects/pyodide-with-pyqt5/PyQt6-6.6.1/sip/QtWidgets/qmessagebox.sip /home/pradeep/projects/pyodide-with-pyqt5/pyqt6-wasm-target/PyQt6/bindings/QtWidgets/qmessagebox.sip
/home/pradeep/projects/pyodide-with-pyqt5/qt6-native-host/bin/qmake -install qinstall /home/pradeep/projects/pyodide-with-pyqt5/PyQt6-6.6.1/sip/QtWidgets/qplaintextedit.sip /home/pradeep/projects/pyodide-with-pyqt5/pyqt6-wasm-target/PyQt6/bindings/QtWidgets/qplaintextedit.sip
/home/pradeep/projects/pyodide-with-pyqt5/qt6-native-host/bin/qmake -install qinstall /home/pradeep/projects/pyodide-with-pyqt5/PyQt6-6.6.1/sip/QtWidgets/qprogressbar.sip /home/pradeep/projects/pyodide-with-pyqt5/pyqt6-wasm-target/PyQt6/bindings/QtWidgets/qprogressbar.sip
/home/pradeep/projects/pyodide-with-pyqt5/qt6-native-host/bin/qmake -install qinstall /home/pradeep/projects/pyodide-with-pyqt5/PyQt6-6.6.1/sip/QtWidgets/qprogressdialog.sip /home/pradeep/projects/pyodide-with-pyqt5/pyqt6-wasm-target/PyQt6/bindings/QtWidgets/qprogressdialog.sip
/home/pradeep/projects/pyodide-with-pyqt5/qt6-native-host/bin/qmake -install qinstall /home/pradeep/projects/pyodide-with-pyqt5/PyQt6-6.6.1/sip/QtWidgets/qproxystyle.sip /home/pradeep/projects/pyodide-with-pyqt5/pyqt6-wasm-target/PyQt6/bindings/QtWidgets/qproxystyle.sip
/home/pradeep/projects/pyodide-with-pyqt5/qt6-native-host/bin/qmake -install qinstall /home/pradeep/projects/pyodide-with-pyqt5/PyQt6-6.6.1/sip/QtWidgets/qpushbutton.sip /home/pradeep/projects/pyodide-with-pyqt5/pyqt6-wasm-target/PyQt6/bindings/QtWidgets/qpushbutton.sip
/home/pradeep/projects/pyodide-with-pyqt5/qt6-native-host/bin/qmake -install qinstall /home/pradeep/projects/pyodide-with-pyqt5/PyQt6-6.6.1/sip/QtWidgets/qradiobutton.sip /home/pradeep/projects/pyodide-with-pyqt5/pyqt6-wasm-target/PyQt6/bindings/QtWidgets/qradiobutton.sip
/home/pradeep/projects/pyodide-with-pyqt5/qt6-native-host/bin/qmake -install qinstall /home/pradeep/projects/pyodide-with-pyqt5/PyQt6-6.6.1/sip/QtWidgets/qrubberband.sip /home/pradeep/projects/pyodide-with-pyqt5/pyqt6-wasm-target/PyQt6/bindings/QtWidgets/qrubberband.sip
/home/pradeep/projects/pyodide-with-pyqt5/qt6-native-host/bin/qmake -install qinstall /home/pradeep/projects/pyodide-with-pyqt5/PyQt6-6.6.1/sip/QtWidgets/qscrollarea.sip /home/pradeep/projects/pyodide-with-pyqt5/pyqt6-wasm-target/PyQt6/bindings/QtWidgets/qscrollarea.sip
/home/pradeep/projects/pyodide-with-pyqt5/qt6-native-host/bin/qmake -install qinstall /home/pradeep/projects/pyodide-with-pyqt5/PyQt6-6.6.1/sip/QtWidgets/qscrollbar.sip /home/pradeep/projects/pyodide-with-pyqt5/pyqt6-wasm-target/PyQt6/bindings/QtWidgets/qscrollbar.sip
/home/pradeep/projects/pyodide-with-pyqt5/qt6-native-host/bin/qmake -install qinstall /home/pradeep/projects/pyodide-with-pyqt5/PyQt6-6.6.1/sip/QtWidgets/qscroller.sip /home/pradeep/projects/pyodide-with-pyqt5/pyqt6-wasm-target/PyQt6/bindings/QtWidgets/qscroller.sip
/home/pradeep/projects/pyodide-with-pyqt5/qt6-native-host/bin/qmake -install qinstall /home/pradeep/projects/pyodide-with-pyqt5/PyQt6-6.6.1/sip/QtWidgets/qscrollerproperties.sip /home/pradeep/projects/pyodide-with-pyqt5/pyqt6-wasm-target/PyQt6/bindings/QtWidgets/qscrollerproperties.sip
/home/pradeep/projects/pyodide-with-pyqt5/qt6-native-host/bin/qmake -install qinstall /home/pradeep/projects/pyodide-with-pyqt5/PyQt6-6.6.1/sip/QtWidgets/qsizegrip.sip /home/pradeep/projects/pyodide-with-pyqt5/pyqt6-wasm-target/PyQt6/bindings/QtWidgets/qsizegrip.sip
/home/pradeep/projects/pyodide-with-pyqt5/qt6-native-host/bin/qmake -install qinstall /home/pradeep/projects/pyodide-with-pyqt5/PyQt6-6.6.1/sip/QtWidgets/qsizepolicy.sip /home/pradeep/projects/pyodide-with-pyqt5/pyqt6-wasm-target/PyQt6/bindings/QtWidgets/qsizepolicy.sip
/home/pradeep/projects/pyodide-with-pyqt5/qt6-native-host/bin/qmake -install qinstall /home/pradeep/projects/pyodide-with-pyqt5/PyQt6-6.6.1/sip/QtWidgets/qslider.sip /home/pradeep/projects/pyodide-with-pyqt5/pyqt6-wasm-target/PyQt6/bindings/QtWidgets/qslider.sip
/home/pradeep/projects/pyodide-with-pyqt5/qt6-native-host/bin/qmake -install qinstall /home/pradeep/projects/pyodide-with-pyqt5/PyQt6-6.6.1/sip/QtWidgets/qspinbox.sip /home/pradeep/projects/pyodide-with-pyqt5/pyqt6-wasm-target/PyQt6/bindings/QtWidgets/qspinbox.sip
/home/pradeep/projects/pyodide-with-pyqt5/qt6-native-host/bin/qmake -install qinstall /home/pradeep/projects/pyodide-with-pyqt5/PyQt6-6.6.1/sip/QtWidgets/qsplashscreen.sip /home/pradeep/projects/pyodide-with-pyqt5/pyqt6-wasm-target/PyQt6/bindings/QtWidgets/qsplashscreen.sip
/home/pradeep/projects/pyodide-with-pyqt5/qt6-native-host/bin/qmake -install qinstall /home/pradeep/projects/pyodide-with-pyqt5/PyQt6-6.6.1/sip/QtWidgets/qsplitter.sip /home/pradeep/projects/pyodide-with-pyqt5/pyqt6-wasm-target/PyQt6/bindings/QtWidgets/qsplitter.sip
/home/pradeep/projects/pyodide-with-pyqt5/qt6-native-host/bin/qmake -install qinstall /home/pradeep/projects/pyodide-with-pyqt5/PyQt6-6.6.1/sip/QtWidgets/qstackedlayout.sip /home/pradeep/projects/pyodide-with-pyqt5/pyqt6-wasm-target/PyQt6/bindings/QtWidgets/qstackedlayout.sip
/home/pradeep/projects/pyodide-with-pyqt5/qt6-native-host/bin/qmake -install qinstall /home/pradeep/projects/pyodide-with-pyqt5/PyQt6-6.6.1/sip/QtWidgets/qstackedwidget.sip /home/pradeep/projects/pyodide-with-pyqt5/pyqt6-wasm-target/PyQt6/bindings/QtWidgets/qstackedwidget.sip
/home/pradeep/projects/pyodide-with-pyqt5/qt6-native-host/bin/qmake -install qinstall /home/pradeep/projects/pyodide-with-pyqt5/PyQt6-6.6.1/sip/QtWidgets/qstatusbar.sip /home/pradeep/projects/pyodide-with-pyqt5/pyqt6-wasm-target/PyQt6/bindings/QtWidgets/qstatusbar.sip
/home/pradeep/projects/pyodide-with-pyqt5/qt6-native-host/bin/qmake -install qinstall /home/pradeep/projects/pyodide-with-pyqt5/PyQt6-6.6.1/sip/QtWidgets/qstyle.sip /home/pradeep/projects/pyodide-with-pyqt5/pyqt6-wasm-target/PyQt6/bindings/QtWidgets/qstyle.sip
/home/pradeep/projects/pyodide-with-pyqt5/qt6-native-host/bin/qmake -install qinstall /home/pradeep/projects/pyodide-with-pyqt5/PyQt6-6.6.1/sip/QtWidgets/qstyleditemdelegate.sip /home/pradeep/projects/pyodide-with-pyqt5/pyqt6-wasm-target/PyQt6/bindings/QtWidgets/qstyleditemdelegate.sip
/home/pradeep/projects/pyodide-with-pyqt5/qt6-native-host/bin/qmake -install qinstall /home/pradeep/projects/pyodide-with-pyqt5/PyQt6-6.6.1/sip/QtWidgets/qstylefactory.sip /home/pradeep/projects/pyodide-with-pyqt5/pyqt6-wasm-target/PyQt6/bindings/QtWidgets/qstylefactory.sip
/home/pradeep/projects/pyodide-with-pyqt5/qt6-native-host/bin/qmake -install qinstall /home/pradeep/projects/pyodide-with-pyqt5/PyQt6-6.6.1/sip/QtWidgets/qstyleoption.sip /home/pradeep/projects/pyodide-with-pyqt5/pyqt6-wasm-target/PyQt6/bindings/QtWidgets/qstyleoption.sip
/home/pradeep/projects/pyodide-with-pyqt5/qt6-native-host/bin/qmake -install qinstall /home/pradeep/projects/pyodide-with-pyqt5/PyQt6-6.6.1/sip/QtWidgets/qstylepainter.sip /home/pradeep/projects/pyodide-with-pyqt5/pyqt6-wasm-target/PyQt6/bindings/QtWidgets/qstylepainter.sip
/home/pradeep/projects/pyodide-with-pyqt5/qt6-native-host/bin/qmake -install qinstall /home/pradeep/projects/pyodide-with-pyqt5/PyQt6-6.6.1/sip/QtWidgets/qsystemtrayicon.sip /home/pradeep/projects/pyodide-with-pyqt5/pyqt6-wasm-target/PyQt6/bindings/QtWidgets/qsystemtrayicon.sip
/home/pradeep/projects/pyodide-with-pyqt5/qt6-native-host/bin/qmake -install qinstall /home/pradeep/projects/pyodide-with-pyqt5/PyQt6-6.6.1/sip/QtWidgets/qtabbar.sip /home/pradeep/projects/pyodide-with-pyqt5/pyqt6-wasm-target/PyQt6/bindings/QtWidgets/qtabbar.sip
/home/pradeep/projects/pyodide-with-pyqt5/qt6-native-host/bin/qmake -install qinstall /home/pradeep/projects/pyodide-with-pyqt5/PyQt6-6.6.1/sip/QtWidgets/qtableview.sip /home/pradeep/projects/pyodide-with-pyqt5/pyqt6-wasm-target/PyQt6/bindings/QtWidgets/qtableview.sip
/home/pradeep/projects/pyodide-with-pyqt5/qt6-native-host/bin/qmake -install qinstall /home/pradeep/projects/pyodide-with-pyqt5/PyQt6-6.6.1/sip/QtWidgets/qtablewidget.sip /home/pradeep/projects/pyodide-with-pyqt5/pyqt6-wasm-target/PyQt6/bindings/QtWidgets/qtablewidget.sip
/home/pradeep/projects/pyodide-with-pyqt5/qt6-native-host/bin/qmake -install qinstall /home/pradeep/projects/pyodide-with-pyqt5/PyQt6-6.6.1/sip/QtWidgets/qtabwidget.sip /home/pradeep/projects/pyodide-with-pyqt5/pyqt6-wasm-target/PyQt6/bindings/QtWidgets/qtabwidget.sip
/home/pradeep/projects/pyodide-with-pyqt5/qt6-native-host/bin/qmake -install qinstall /home/pradeep/projects/pyodide-with-pyqt5/PyQt6-6.6.1/sip/QtWidgets/qtextbrowser.sip /home/pradeep/projects/pyodide-with-pyqt5/pyqt6-wasm-target/PyQt6/bindings/QtWidgets/qtextbrowser.sip
/home/pradeep/projects/pyodide-with-pyqt5/qt6-native-host/bin/qmake -install qinstall /home/pradeep/projects/pyodide-with-pyqt5/PyQt6-6.6.1/sip/QtWidgets/qtextedit.sip /home/pradeep/projects/pyodide-with-pyqt5/pyqt6-wasm-target/PyQt6/bindings/QtWidgets/qtextedit.sip
/home/pradeep/projects/pyodide-with-pyqt5/qt6-native-host/bin/qmake -install qinstall /home/pradeep/projects/pyodide-with-pyqt5/PyQt6-6.6.1/sip/QtWidgets/qtoolbar.sip /home/pradeep/projects/pyodide-with-pyqt5/pyqt6-wasm-target/PyQt6/bindings/QtWidgets/qtoolbar.sip
/home/pradeep/projects/pyodide-with-pyqt5/qt6-native-host/bin/qmake -install qinstall /home/pradeep/projects/pyodide-with-pyqt5/PyQt6-6.6.1/sip/QtWidgets/qtoolbox.sip /home/pradeep/projects/pyodide-with-pyqt5/pyqt6-wasm-target/PyQt6/bindings/QtWidgets/qtoolbox.sip
/home/pradeep/projects/pyodide-with-pyqt5/qt6-native-host/bin/qmake -install qinstall /home/pradeep/projects/pyodide-with-pyqt5/PyQt6-6.6.1/sip/QtWidgets/qtoolbutton.sip /home/pradeep/projects/pyodide-with-pyqt5/pyqt6-wasm-target/PyQt6/bindings/QtWidgets/qtoolbutton.sip
/home/pradeep/projects/pyodide-with-pyqt5/qt6-native-host/bin/qmake -install qinstall /home/pradeep/projects/pyodide-with-pyqt5/PyQt6-6.6.1/sip/QtWidgets/qtooltip.sip /home/pradeep/projects/pyodide-with-pyqt5/pyqt6-wasm-target/PyQt6/bindings/QtWidgets/qtooltip.sip
/home/pradeep/projects/pyodide-with-pyqt5/qt6-native-host/bin/qmake -install qinstall /home/pradeep/projects/pyodide-with-pyqt5/PyQt6-6.6.1/sip/QtWidgets/qtreeview.sip /home/pradeep/projects/pyodide-with-pyqt5/pyqt6-wasm-target/PyQt6/bindings/QtWidgets/qtreeview.sip
/home/pradeep/projects/pyodide-with-pyqt5/qt6-native-host/bin/qmake -install qinstall /home/pradeep/projects/pyodide-with-pyqt5/PyQt6-6.6.1/sip/QtWidgets/qtreewidget.sip /home/pradeep/projects/pyodide-with-pyqt5/pyqt6-wasm-target/PyQt6/bindings/QtWidgets/qtreewidget.sip
/home/pradeep/projects/pyodide-with-pyqt5/qt6-native-host/bin/qmake -install qinstall /home/pradeep/projects/pyodide-with-pyqt5/PyQt6-6.6.1/sip/QtWidgets/qtreewidgetitemiterator.sip /home/pradeep/projects/pyodide-with-pyqt5/pyqt6-wasm-target/PyQt6/bindings/QtWidgets/qtreewidgetitemiterator.sip
/home/pradeep/projects/pyodide-with-pyqt5/qt6-native-host/bin/qmake -install qinstall /home/pradeep/projects/pyodide-with-pyqt5/PyQt6-6.6.1/sip/QtWidgets/qundoview.sip /home/pradeep/projects/pyodide-with-pyqt5/pyqt6-wasm-target/PyQt6/bindings/QtWidgets/qundoview.sip
/home/pradeep/projects/pyodide-with-pyqt5/qt6-native-host/bin/qmake -install qinstall /home/pradeep/projects/pyodide-with-pyqt5/PyQt6-6.6.1/sip/QtWidgets/qwhatsthis.sip /home/pradeep/projects/pyodide-with-pyqt5/pyqt6-wasm-target/PyQt6/bindings/QtWidgets/qwhatsthis.sip
/home/pradeep/projects/pyodide-with-pyqt5/qt6-native-host/bin/qmake -install qinstall /home/pradeep/projects/pyodide-with-pyqt5/PyQt6-6.6.1/sip/QtWidgets/qwidget.sip /home/pradeep/projects/pyodide-with-pyqt5/pyqt6-wasm-target/PyQt6/bindings/QtWidgets/qwidget.sip
/home/pradeep/projects/pyodide-with-pyqt5/qt6-native-host/bin/qmake -install qinstall /home/pradeep/projects/pyodide-with-pyqt5/PyQt6-6.6.1/sip/QtWidgets/qwidgetaction.sip /home/pradeep/projects/pyodide-with-pyqt5/pyqt6-wasm-target/PyQt6/bindings/QtWidgets/qwidgetaction.sip
/home/pradeep/projects/pyodide-with-pyqt5/qt6-native-host/bin/qmake -install qinstall /home/pradeep/projects/pyodide-with-pyqt5/PyQt6-6.6.1/sip/QtWidgets/qwizard.sip /home/pradeep/projects/pyodide-with-pyqt5/pyqt6-wasm-target/PyQt6/bindings/QtWidgets/qwizard.sip
/home/pradeep/projects/pyodide-with-pyqt5/qt6-native-host/bin/qmake -install qinstall /home/pradeep/projects/pyodide-with-pyqt5/PyQt6-6.6.1/sip/QtWidgets/qfilesystemmodel.sip /home/pradeep/projects/pyodide-with-pyqt5/pyqt6-wasm-target/PyQt6/bindings/QtWidgets/qfilesystemmodel.sip
/home/pradeep/projects/pyodide-with-pyqt5/qt6-native-host/bin/qmake -install qinstall /home/pradeep/projects/pyodide-with-pyqt5/PyQt6-6.6.1/sip/QtWidgets/qpywidgets_qlist.sip /home/pradeep/projects/pyodide-with-pyqt5/pyqt6-wasm-target/PyQt6/bindings/QtWidgets/qpywidgets_qlist.sip
/home/pradeep/projects/pyodide-with-pyqt5/qt6-native-host/bin/qmake -install qinstall /home/pradeep/projects/pyodide-with-pyqt5/pyqt6-wasm-build/bindings/QtWidgets/QtWidgets.toml /home/pradeep/projects/pyodide-with-pyqt5/pyqt6-wasm-target/PyQt6/bindings/QtWidgets/QtWidgets.toml
/home/pradeep/projects/pyodide-with-pyqt5/qt6-native-host/bin/qmake -install qinstall /home/pradeep/projects/pyodide-with-pyqt5/pyqt6-wasm-build/QtWidgets/QtWidgets.abi3.so /home/pradeep/projects/pyodide-with-pyqt5/pyqt6-wasm-target/PyQt6/QtWidgets.abi3.so
make[1]: Leaving directory '/home/pradeep/projects/pyodide-with-pyqt5/pyqt6-wasm-build/QtWidgets'
/home/pradeep/projects/pyodide-with-pyqt5/qt6-native-host/bin/qmake -install qinstall /home/pradeep/projects/pyodide-with-pyqt5/PyQt6-6.6.1/lupdate /home/pradeep/projects/pyodide-with-pyqt5/pyqt6-wasm-target/PyQt6/lupdate
/home/pradeep/projects/pyodide-with-pyqt5/qt6-native-host/bin/qmake -install qinstall /home/pradeep/projects/pyodide-with-pyqt5/PyQt6-6.6.1/uic /home/pradeep/projects/pyodide-with-pyqt5/pyqt6-wasm-target/PyQt6/uic
/home/pradeep/projects/pyodide-with-pyqt5/qt6-native-host/bin/qmake -install qinstall /home/pradeep/projects/pyodide-with-pyqt5/pyqt6-wasm-build/__init__.py /home/pradeep/projects/pyodide-with-pyqt5/pyqt6-wasm-target/PyQt6/__init__.py
/home/pradeep/projects/pyodide-with-pyqt5/qt6-native-host/bin/qmake -install qinstall -exe /home/pradeep/projects/pyodide-with-pyqt5/pyqt6-wasm-build/pylupdate6 /home/pradeep/projects/pyodide-with-pyqt5/.venv-native/bin/pylupdate6
/home/pradeep/projects/pyodide-with-pyqt5/qt6-native-host/bin/qmake -install qinstall -exe /home/pradeep/projects/pyodide-with-pyqt5/pyqt6-wasm-build/pyuic6 /home/pradeep/projects/pyodide-with-pyqt5/.venv-native/bin/pyuic6
/home/pradeep/projects/pyodide-with-pyqt5/.venv-native/bin/sip-distinfo --inventory /home/pradeep/projects/pyodide-with-pyqt5/pyqt6-wasm-build/inventory.txt --project-root /home/pradeep/projects/pyodide-with-pyqt5/PyQt6-6.6.1 --prefix "" --generator pyqtbuild --generator-version 1.15.4 --console-script pylupdate6=PyQt6.lupdate.pylupdate:main --console-script pyuic6=PyQt6.uic.pyuic:main --requires-dist "PyQt6-sip (>=13.6, <14)" /home/pradeep/projects/pyodide-with-pyqt5/pyqt6-wasm-target/PyQt6-6.6.1.dist-info
pyproject.toml: line 7: using '[tool.sip.metadata]' to specify the project metadata is deprecated and will be removed in SIP v7.0.0, use '[project]' instead
