pyproject.toml: line 7: using '[tool.sip.metadata]' to specify the project metadata is deprecated and will be removed in SIP v7.0.0, use '[project]' instead
Querying qmake about your Qt installation...
/home/niranjanpba/projects/pyodide-with-pyqt5/qt6-native-host/bin/qmake -query
This is the GPL version of PyQt 6.6.1 (licensed under the GNU General Public License) for Python 3.11.3 on linux.
Found the license file 'pyqt-gpl.sip'.
Checking to see if the QtCore bindings can be built...
/home/niranjanpba/projects/pyodide-with-pyqt5/qt6-native-host/bin/qmake QtCore.pro
Info: creating stash file /home/niranjanpba/projects/pyodide-with-pyqt5/pyqt6-native-build/cfgtest_QtCore/.qmake.stash
make
g++ -c -pipe -O2 -Wall -Wextra -fPIC -D_REENTRANT -DQT_KEYPAD_NAVIGATION -DQT_NO_DEBUG -DQT_CORE_LIB -I. -I../../PyQt6-6.6.1/qpy/QtCore -I../../qt6-native-host/include -I../../qt6-native-host/include/QtCore -I. -I../../qt6-native-host/mkspecs/linux-g++ -o cfgtest_QtCore.o ../../PyQt6-6.6.1/config-tests/cfgtest_QtCore.cpp
g++ -Wl,-O1 -o QtCore  cfgtest_QtCore.o   /home/niranjanpba/projects/pyodide-with-pyqt5/qt6-native-host/lib/libQt6Core.a -lz -lm /home/niranjanpba/projects/pyodide-with-pyqt5/qt6-native-host/lib/libQt6BundledPcre2.a -ldl -lrt -lpthread   
/home/niranjanpba/projects/pyodide-with-pyqt5/pyqt6-native-build/cfgtest_QtCore/./QtCore /home/niranjanpba/projects/pyodide-with-pyqt5/pyqt6-native-build/cfgtest_QtCore/cfgtest_QtCore.out
Checking to see if the QtGui bindings can be built...
/home/niranjanpba/projects/pyodide-with-pyqt5/qt6-native-host/bin/qmake QtGui.pro
Info: creating stash file /home/niranjanpba/projects/pyodide-with-pyqt5/pyqt6-native-build/cfgtest_QtGui/.qmake.stash
make
g++ -c -pipe -O2 -Wall -Wextra -fPIC -D_REENTRANT -DQT_NO_DEBUG -DQT_GUI_LIB -DQT_CORE_LIB -I. -I../../qt6-native-host/include -I../../qt6-native-host/include/QtGui -I../../qt6-native-host/include/QtCore -I. -I../../qt6-native-host/mkspecs/linux-g++ -o cfgtest_QtGui.o ../../PyQt6-6.6.1/config-tests/cfgtest_QtGui.cpp
g++ -c -pipe -O2 -Wall -Wextra -fPIC -D_REENTRANT -DQT_NO_DEBUG -DQT_GUI_LIB -DQT_CORE_LIB -I. -I../../qt6-native-host/include -I../../qt6-native-host/include/QtGui -I../../qt6-native-host/include/QtCore -I. -I../../qt6-native-host/mkspecs/linux-g++ -o qtgui_plugin_import.o /home/niranjanpba/projects/pyodide-with-pyqt5/pyqt6-native-build/cfgtest_QtGui/qtgui_plugin_import.cpp
g++ -Wl,-O1 -o QtGui  cfgtest_QtGui.o qtgui_plugin_import.o   /home/niranjanpba/projects/pyodide-with-pyqt5/qt6-native-host/lib/objects-Release/Gui_resources_1/.rcc/qrc_qpdf.cpp.o /home/niranjanpba/projects/pyodide-with-pyqt5/qt6-native-host/lib/objects-Release/Gui_resources_2/.rcc/qrc_gui_shaders.cpp.o /home/niranjanpba/projects/pyodide-with-pyqt5/qt6-native-host/plugins/platforms/libqxcb.a /home/niranjanpba/projects/pyodide-with-pyqt5/qt6-native-host/plugins/xcbglintegrations/libqxcb-egl-integration.a /home/niranjanpba/projects/pyodide-with-pyqt5/qt6-native-host/plugins/xcbglintegrations/libqxcb-glx-integration.a /home/niranjanpba/projects/pyodide-with-pyqt5/qt6-native-host/lib/libQt6XcbQpa.a -lxkbcommon-x11 -lxcb-cursor -lxcb-icccm -lxcb-image -lxcb-keysyms -lxcb-randr -lxcb-render-util -lxcb-shm -lxcb-sync -lxcb-xfixes -lxcb-render -lxcb-shape -lxcb-xkb -lxcb-glx /home/niranjanpba/projects/pyodide-with-pyqt5/qt6-native-host/plugins/iconengines/libqsvgicon.a /home/niranjanpba/projects/pyodide-with-pyqt5/qt6-native-host/plugins/imageformats/libqgif.a /home/niranjanpba/projects/pyodide-with-pyqt5/qt6-native-host/plugins/imageformats/libqicns.a /home/niranjanpba/projects/pyodide-with-pyqt5/qt6-native-host/plugins/imageformats/libqico.a /home/niranjanpba/projects/pyodide-with-pyqt5/qt6-native-host/plugins/imageformats/libqjpeg.a /home/niranjanpba/projects/pyodide-with-pyqt5/qt6-native-host/lib/libQt6BundledLibjpeg.a /home/niranjanpba/projects/pyodide-with-pyqt5/qt6-native-host/plugins/imageformats/libqsvg.a /home/niranjanpba/projects/pyodide-with-pyqt5/qt6-native-host/lib/libQt6Svg.a /home/niranjanpba/projects/pyodide-with-pyqt5/qt6-native-host/plugins/imageformats/libqtga.a /home/niranjanpba/projects/pyodide-with-pyqt5/qt6-native-host/plugins/imageformats/libqtiff.a /home/niranjanpba/projects/pyodide-with-pyqt5/qt6-native-host/plugins/imageformats/libqwbmp.a /home/niranjanpba/projects/pyodide-with-pyqt5/qt6-native-host/plugins/imageformats/libqwebp.a /home/niranjanpba/projects/pyodide-with-pyqt5/qt6-native-host/lib/objects-Release/EglFSDeviceIntegrationPrivate_resources_1/.rcc/qrc_cursor.cpp.o /home/niranjanpba/projects/pyodide-with-pyqt5/qt6-native-host/plugins/egldeviceintegrations/libqeglfs-emu-integration.a /home/niranjanpba/projects/pyodide-with-pyqt5/qt6-native-host/plugins/egldeviceintegrations/libqeglfs-x11-integration.a /home/niranjanpba/projects/pyodide-with-pyqt5/qt6-native-host/lib/libQt6EglFSDeviceIntegration.a /home/niranjanpba/projects/pyodide-with-pyqt5/qt6-native-host/lib/libQt6FbSupport.a /home/niranjanpba/projects/pyodide-with-pyqt5/qt6-native-host/lib/libQt6InputSupport.a /home/niranjanpba/projects/pyodide-with-pyqt5/qt6-native-host/lib/libQt6DeviceDiscoverySupport.a /home/niranjanpba/projects/pyodide-with-pyqt5/qt6-native-host/lib/libQt6OpenGL.a -lX11-xcb -lxcb /home/niranjanpba/projects/pyodide-with-pyqt5/qt6-native-host/lib/libQt6Gui.a -lEGL -lpng /home/niranjanpba/projects/pyodide-with-pyqt5/qt6-native-host/lib/libQt6BundledHarfbuzz.a -lfreetype -lfontconfig -lX11 /home/niranjanpba/projects/pyodide-with-pyqt5/qt6-native-host/lib/libQt6DBus.a -lxkbcommon /home/niranjanpba/projects/pyodide-with-pyqt5/qt6-native-host/lib/libQt6Core.a -lz -lm /home/niranjanpba/projects/pyodide-with-pyqt5/qt6-native-host/lib/libQt6BundledPcre2.a -ldl -lrt -lpthread -lGLX -lOpenGL   
/home/niranjanpba/projects/pyodide-with-pyqt5/pyqt6-native-build/cfgtest_QtGui/./QtGui /home/niranjanpba/projects/pyodide-with-pyqt5/pyqt6-native-build/cfgtest_QtGui/cfgtest_QtGui.out
Disabled QtGui bindings features: PyQt_OpenGL_ES2.
Checking to see if the QtWidgets bindings can be built...
/home/niranjanpba/projects/pyodide-with-pyqt5/qt6-native-host/bin/qmake QtWidgets.pro
Info: creating stash file /home/niranjanpba/projects/pyodide-with-pyqt5/pyqt6-native-build/cfgtest_QtWidgets/.qmake.stash
make
g++ -c -pipe -O2 -Wall -Wextra -fPIC -D_REENTRANT -DQT_NO_DEBUG -DQT_WIDGETS_LIB -DQT_GUI_LIB -DQT_CORE_LIB -I. -I../../PyQt6-6.6.1/qpy/QtWidgets -I../../qt6-native-host/include -I../../qt6-native-host/include/QtWidgets -I../../qt6-native-host/include/QtGui -I../../qt6-native-host/include/QtCore -I. -I../../qt6-native-host/mkspecs/linux-g++ -o cfgtest_QtWidgets.o cfgtest_QtWidgets.cpp
g++ -c -pipe -O2 -Wall -Wextra -fPIC -D_REENTRANT -DQT_NO_DEBUG -DQT_WIDGETS_LIB -DQT_GUI_LIB -DQT_CORE_LIB -I. -I../../PyQt6-6.6.1/qpy/QtWidgets -I../../qt6-native-host/include -I../../qt6-native-host/include/QtWidgets -I../../qt6-native-host/include/QtGui -I../../qt6-native-host/include/QtCore -I. -I../../qt6-native-host/mkspecs/linux-g++ -o qtwidgets_plugin_import.o /home/niranjanpba/projects/pyodide-with-pyqt5/pyqt6-native-build/cfgtest_QtWidgets/qtwidgets_plugin_import.cpp
g++ -Wl,-O1 -o QtWidgets  cfgtest_QtWidgets.o qtwidgets_plugin_import.o   /home/niranjanpba/projects/pyodide-with-pyqt5/qt6-native-host/lib/objects-Release/Gui_resources_1/.rcc/qrc_qpdf.cpp.o /home/niranjanpba/projects/pyodide-with-pyqt5/qt6-native-host/lib/objects-Release/Gui_resources_2/.rcc/qrc_gui_shaders.cpp.o /home/niranjanpba/projects/pyodide-with-pyqt5/qt6-native-host/plugins/platforms/libqxcb.a /home/niranjanpba/projects/pyodide-with-pyqt5/qt6-native-host/plugins/xcbglintegrations/libqxcb-egl-integration.a /home/niranjanpba/projects/pyodide-with-pyqt5/qt6-native-host/plugins/xcbglintegrations/libqxcb-glx-integration.a /home/niranjanpba/projects/pyodide-with-pyqt5/qt6-native-host/lib/libQt6XcbQpa.a -lxkbcommon-x11 -lxcb-cursor -lxcb-icccm -lxcb-image -lxcb-keysyms -lxcb-randr -lxcb-render-util -lxcb-shm -lxcb-sync -lxcb-xfixes -lxcb-render -lxcb-shape -lxcb-xkb -lxcb-glx /home/niranjanpba/projects/pyodide-with-pyqt5/qt6-native-host/plugins/iconengines/libqsvgicon.a /home/niranjanpba/projects/pyodide-with-pyqt5/qt6-native-host/plugins/imageformats/libqgif.a /home/niranjanpba/projects/pyodide-with-pyqt5/qt6-native-host/plugins/imageformats/libqicns.a /home/niranjanpba/projects/pyodide-with-pyqt5/qt6-native-host/plugins/imageformats/libqico.a /home/niranjanpba/projects/pyodide-with-pyqt5/qt6-native-host/plugins/imageformats/libqjpeg.a /home/niranjanpba/projects/pyodide-with-pyqt5/qt6-native-host/lib/libQt6BundledLibjpeg.a /home/niranjanpba/projects/pyodide-with-pyqt5/qt6-native-host/plugins/imageformats/libqsvg.a /home/niranjanpba/projects/pyodide-with-pyqt5/qt6-native-host/lib/libQt6Svg.a /home/niranjanpba/projects/pyodide-with-pyqt5/qt6-native-host/plugins/imageformats/libqtga.a /home/niranjanpba/projects/pyodide-with-pyqt5/qt6-native-host/plugins/imageformats/libqtiff.a /home/niranjanpba/projects/pyodide-with-pyqt5/qt6-native-host/plugins/imageformats/libqwbmp.a /home/niranjanpba/projects/pyodide-with-pyqt5/qt6-native-host/plugins/imageformats/libqwebp.a /home/niranjanpba/projects/pyodide-with-pyqt5/qt6-native-host/lib/objects-Release/EglFSDeviceIntegrationPrivate_resources_1/.rcc/qrc_cursor.cpp.o /home/niranjanpba/projects/pyodide-with-pyqt5/qt6-native-host/plugins/egldeviceintegrations/libqeglfs-emu-integration.a /home/niranjanpba/projects/pyodide-with-pyqt5/qt6-native-host/plugins/egldeviceintegrations/libqeglfs-x11-integration.a /home/niranjanpba/projects/pyodide-with-pyqt5/qt6-native-host/lib/libQt6EglFSDeviceIntegration.a /home/niranjanpba/projects/pyodide-with-pyqt5/qt6-native-host/lib/libQt6FbSupport.a /home/niranjanpba/projects/pyodide-with-pyqt5/qt6-native-host/lib/libQt6InputSupport.a /home/niranjanpba/projects/pyodide-with-pyqt5/qt6-native-host/lib/libQt6DeviceDiscoverySupport.a /home/niranjanpba/projects/pyodide-with-pyqt5/qt6-native-host/lib/libQt6OpenGL.a -lX11-xcb -lxcb /home/niranjanpba/projects/pyodide-with-pyqt5/qt6-native-host/lib/objects-Release/Widgets_resources_1/.rcc/qrc_qstyle.cpp.o /home/niranjanpba/projects/pyodide-with-pyqt5/qt6-native-host/lib/objects-Release/Widgets_resources_2/.rcc/qrc_qstyle1.cpp.o /home/niranjanpba/projects/pyodide-with-pyqt5/qt6-native-host/lib/objects-Release/Widgets_resources_3/.rcc/qrc_qmessagebox.cpp.o /home/niranjanpba/projects/pyodide-with-pyqt5/qt6-native-host/lib/libQt6Widgets.a /home/niranjanpba/projects/pyodide-with-pyqt5/qt6-native-host/lib/libQt6Gui.a -lEGL -lpng /home/niranjanpba/projects/pyodide-with-pyqt5/qt6-native-host/lib/libQt6BundledHarfbuzz.a -lfreetype -lfontconfig -lX11 /home/niranjanpba/projects/pyodide-with-pyqt5/qt6-native-host/lib/libQt6DBus.a -lxkbcommon /home/niranjanpba/projects/pyodide-with-pyqt5/qt6-native-host/lib/libQt6Core.a -lz -lm /home/niranjanpba/projects/pyodide-with-pyqt5/qt6-native-host/lib/libQt6BundledPcre2.a -ldl -lrt -lpthread -lGLX -lOpenGL   
Checking to see if the dbus-python support should be built...
The dbus-python package does not seem to be installed.
These bindings will be built: QtCore, QtGui, QtWidgets.
Generating the QtCore bindings...
/home/niranjanpba/projects/pyodide-with-pyqt5/PyQt6-6.6.1/sip/QtCore/QtCoremod.sip: line 64: '%Plugin' is deprecated and will be removed in SIP v7.0.0
Generating the QtGui bindings...
/home/niranjanpba/projects/pyodide-with-pyqt5/PyQt6-6.6.1/sip/QtCore/QtCoremod.sip: line 64: '%Plugin' is deprecated and will be removed in SIP v7.0.0
Generating the QtWidgets bindings...
/home/niranjanpba/projects/pyodide-with-pyqt5/PyQt6-6.6.1/sip/QtCore/QtCoremod.sip: line 64: '%Plugin' is deprecated and will be removed in SIP v7.0.0
Generating the pylupdate6 script...
Generating the pyuic6 script...
Generating the .pro file for the QtCore module...
Generating the .pro file for the QtGui module...
Generating the .pro file for the QtWidgets module...
Generating the top-level .pro file...
Generating the Makefiles...
/home/niranjanpba/projects/pyodide-with-pyqt5/qt6-native-host/bin/qmake -recursive PyQt6.pro
Info: creating stash file /home/niranjanpba/projects/pyodide-with-pyqt5/pyqt6-native-build/.qmake.stash
Reading /home/niranjanpba/projects/pyodide-with-pyqt5/pyqt6-native-build/QtCore/QtCore.pro
Reading /home/niranjanpba/projects/pyodide-with-pyqt5/pyqt6-native-build/QtGui/QtGui.pro
Reading /home/niranjanpba/projects/pyodide-with-pyqt5/pyqt6-native-build/QtWidgets/QtWidgets.pro
The project has been built.
