+ mkdir -p qtbase
+ cd qtbase
+ exec /home/pradeep/projects/pyodide-with-pyqt5/qt6/qtbase/configure -top-level -static -skip qtvirtualkeyboard -skip qtspeech -skip qtimageformats -skip qtdoc -skip qtnetworkauth -skip qt5compat -skip qtmqtt -skip qtserialbus -skip qtwebchannel -skip qtwebengine -skip qt3d -skip qtconnectivity -skip qtcoap -skip qthttpserver -skip qtwebsockets -skip qtserialport -skip qtremoteobjects -skip qtdatavis3d -skip qtquick3d -skip qtlottie -skip qtactiveqt -skip qttools -skip qtgrpc -skip qtsensors -skip qtgraphs -skip qtquickeffectmaker -skip qtwayland -skip qttranslations -skip qtlocation -skip qtopcua -skip qtqa -skip qtscxml -skip qtlanguageserver -skip qtquicktimeline -skip qtmultimedia -skip qtwebview -skip qtshadertools -skip qtdeclarative -skip qtcharts -skip qtpositioning -skip qtquick3dphysics -prefix ../qt6-native-host -nomake examples -confirm-license
'/home/pradeep/projects/pyodide-with-pyqt5/.venv-native/lib/python3.11/site-packages/cmake/data/bin/cmake' '-DBUILD_qtvirtualkeyboard=OFF' '-DBUILD_qtspeech=OFF' '-DBUILD_qtimageformats=OFF' '-DBUILD_qtdoc=OFF' '-DBUILD_qtnetworkauth=OFF' '-DBUILD_qt5compat=OFF' '-DBUILD_qtmqtt=OFF' '-DBUILD_qtserialbus=OFF' '-DBUILD_qtwebchannel=OFF' '-DBUILD_qtwebengine=OFF' '-DBUILD_qt3d=OFF' '-DBUILD_qtconnectivity=OFF' '-DBUILD_qtcoap=OFF' '-DBUILD_qthttpserver=OFF' '-DBUILD_qtwebsockets=OFF' '-DBUILD_qtserialport=OFF' '-DBUILD_qtremoteobjects=OFF' '-DBUILD_qtdatavis3d=OFF' '-DBUILD_qtquick3d=OFF' '-DBUILD_qtlottie=OFF' '-DBUILD_qtactiveqt=OFF' '-DBUILD_qttools=OFF' '-DBUILD_qtgrpc=OFF' '-DBUILD_qtsensors=OFF' '-DBUILD_qtgraphs=OFF' '-DBUILD_qtquickeffectmaker=OFF' '-DBUILD_qtwayland=OFF' '-DBUILD_qttranslations=OFF' '-DBUILD_qtlocation=OFF' '-DBUILD_qtopcua=OFF' '-DBUILD_qtqa=OFF' '-DBUILD_qtscxml=OFF' '-DBUILD_qtlanguageserver=OFF' '-DBUILD_qtquicktimeline=OFF' '-DBUILD_qtmultimedia=OFF' '-DBUILD_qtwebview=OFF' '-DBUILD_qtshadertools=OFF' '-DBUILD_qtdeclarative=OFF' '-DBUILD_qtcharts=OFF' '-DBUILD_qtpositioning=OFF' '-DBUILD_qtquick3dphysics=OFF' '-DQT_INTERNAL_CALLED_FROM_CONFIGURE:BOOL=TRUE' '-DBUILD_SHARED_LIBS=OFF' '-DCMAKE_INSTALL_PREFIX=../qt6-native-host' '-DQT_BUILD_EXAMPLES=FALSE' '-G' 'Ninja' '/home/pradeep/projects/pyodide-with-pyqt5/qt6'
-- The CXX compiler identification is GNU 11.4.0
-- The C compiler identification is GNU 11.4.0
-- The ASM compiler identification is GNU
-- Found assembler: /usr/bin/cc
-- Detecting CXX compiler ABI info
-- Detecting CXX compiler ABI info - done
-- Check for working CXX compiler: /usr/bin/c++ - skipped
-- Detecting CXX compile features
-- Detecting CXX compile features - done
-- Detecting C compiler ABI info
-- Detecting C compiler ABI info - done
-- Check for working C compiler: /usr/bin/cc - skipped
-- Detecting C compile features
-- Detecting C compile features - done
-- Checking dependencies of submodule 'qtbase'
-- Checking dependencies of submodule 'qtsvg'
-- Configuring submodule 'qtbase'
            -DCMAKE_C_FLAGS_DEBUG=-g
            -DCMAKE_C_FLAGS_RELEASE=-O3 -DNDEBUG
            -DCMAKE_C_FLAGS_RELWITHDEBINFO=-O2 -g -DNDEBUG
            -DCMAKE_CXX_FLAGS_DEBUG=-g
            -DCMAKE_CXX_FLAGS_RELEASE=-O3 -DNDEBUG
            -DCMAKE_CXX_FLAGS_RELWITHDEBINFO=-O2 -g -DNDEBUG
            -DCMAKE_OBJCOPY=/usr/bin/objcopy
            -DCMAKE_C_STANDARD=11
            -DCMAKE_C_STANDARD_REQUIRED=ON
            -DCMAKE_CXX_STANDARD=17
            -DCMAKE_CXX_STANDARD_REQUIRED=ON
            -DCMAKE_MODULE_PATH:STRING=/home/pradeep/projects/pyodide-with-pyqt5/qt6/qtbase/cmake/platforms
-- Configuring submodule 'qtimageformats'
-- Configuring submodule 'qtlanguageserver'
-- Configuring submodule 'qtshadertools'
-- Configuring submodule 'qtsvg'
-- Found the following ICU libraries:
--   i18n (required): /usr/lib/x86_64-linux-gnu/libicui18n.so
--   uc (required): /usr/lib/x86_64-linux-gnu/libicuuc.so
--   data (required): /usr/lib/x86_64-linux-gnu/libicudata.so
-- Configuring submodule 'qtdeclarative'
-- Configuring submodule 'qtquicktimeline'
-- Configuring submodule 'qtquick3d'
-- Configuring submodule 'qtmultimedia'
-- Configuring submodule 'qt3d'
-- Configuring submodule 'qt5compat'
-- Configuring submodule 'qtactiveqt'
-- Configuring submodule 'qtcharts'
-- Configuring submodule 'qtcoap'
-- Configuring submodule 'qtconnectivity'
-- Configuring submodule 'qtdatavis3d'
-- Configuring submodule 'qtwebsockets'
-- Configuring submodule 'qthttpserver'
-- Configuring submodule 'qttools'
-- Configuring submodule 'qtserialport'
-- Configuring submodule 'qtpositioning'
-- Configuring submodule 'qtwebchannel'
-- Configuring submodule 'qtwebengine'
-- Configuring submodule 'qtdoc'
-- Configuring submodule 'qtgraphs'
-- Configuring submodule 'qtgrpc'
-- Configuring submodule 'qtlocation'
-- Configuring submodule 'qtlottie'
-- Configuring submodule 'qtmqtt'
-- Configuring submodule 'qtnetworkauth'
-- Configuring submodule 'qtopcua'
-- Configuring submodule 'qtqa'
-- Configuring submodule 'qtquick3dphysics'
-- Configuring submodule 'qtquickeffectmaker'
-- Configuring submodule 'qtremoteobjects'
-- Configuring submodule 'qtscxml'
-- Configuring submodule 'qtsensors'
-- Configuring submodule 'qtserialbus'
-- Configuring submodule 'qtspeech'
-- Configuring submodule 'qttranslations'
-- Configuring submodule 'qtvirtualkeyboard'
-- Configuring submodule 'qtwayland'
-- Configuring submodule 'qtwebview'

-- Configuration summary shown below. It has also been written to /home/pradeep/projects/pyodide-with-pyqt5/qt6-native-build/config.summary
-- Configure with --log-level=STATUS or higher to increase CMake's message verbosity. The log level does not persist across reconfigurations.
 
-- Configure summary:

Building for: linux-g++ (x86_64, CPU features: )
Compiler: gcc 11.4.0
Build options:
  Mode ................................... release
  Optimize release build for size ........ no
  Fully optimize release builds (-O3) .... no
  Building shared libraries .............. no
  Using ccache ........................... no
  Unity Build ............................ no
  Using new DTAGS ........................ yes
  Relocatable ............................ no
  Using precompiled headers .............. yes
  Using Link Time Optimization (LTCG) .... no
  Using Intel CET ........................ yes
  Target compiler supports:
    x86 Intrinsics ....................... Basic VAES AVX512VBMI2
  Sanitizers:
    Addresses ............................ no
    Threads .............................. no
    Memory ............................... no
    Fuzzer (instrumentation only) ........ no
    Undefined ............................ no
  Build parts ............................ libs tools
  Install examples sources ............... no
Qt modules and options:
  Qt Concurrent .......................... yes
  Qt D-Bus ............................... yes
  Qt D-Bus directly linked to libdbus .... no
  Qt Gui ................................. yes
  Qt Network ............................. yes
  Qt PrintSupport ........................ yes
  Qt Sql ................................. yes
  Qt Testlib ............................. yes
  Qt Widgets ............................. yes
  Qt Xml ................................. yes
Support enabled for:
  Using pkg-config ....................... yes
  Using vcpkg ............................ no
  udev ................................... no
  OpenSSL ................................ yes
    Qt directly linked to OpenSSL ........ no
  OpenSSL 1.1 ............................ no
  OpenSSL 3.0 ............................ yes
  Using system zlib ...................... yes
  Zstandard support ...................... no
  Thread support ......................... yes
Common build options:
  Linker can resolve circular dependencies  yes
Qt Core:
  backtrace .............................. yes
  DoubleConversion ....................... yes
    Using system DoubleConversion ........ no
  CLONE_PIDFD support in forkfd .......... yes
  GLib ................................... no
  ICU .................................... yes
  Using system libb2 ..................... no
  Built-in copy of the MIME database ..... yes
  Application permissions ................ yes
  Defaulting legacy IPC to POSIX ......... no
  Tracing backend ........................ <none>
  OpenSSL based cryptographic hash ....... no
  Logging backends:
    journald ............................. no
    syslog ............................... no
    slog2 ................................ no
  PCRE2 .................................. yes
    Using system PCRE2 ................... no
Qt Sql:
  SQL item models ........................ yes
Qt Network:
  getifaddrs() ........................... yes
  IPv6 ifname ............................ yes
  libproxy ............................... no
  Linux AF_NETLINK ....................... yes
  DTLS ................................... yes
  OCSP-stapling .......................... yes
  SCTP ................................... no
  Use system proxies ..................... yes
  GSSAPI ................................. no
  Brotli Decompression Support ........... yes
  qIsEffectiveTLD() ...................... yes
    Built-in publicsuffix database ....... yes
    System publicsuffix database ......... yes
Core tools:
  Android deployment tool ................ yes
  macOS deployment tool .................. no
  Windows deployment tool ................ no
  qmake .................................. yes
Qt Gui:
  Accessibility .......................... yes
  FreeType ............................... yes
    Using system FreeType ................ yes
  HarfBuzz ............................... yes
    Using system HarfBuzz ................ no
  Fontconfig ............................. yes
  Image formats:
    GIF .................................. yes
    ICO .................................. yes
    JPEG ................................. yes
      Using system libjpeg ............... no
    PNG .................................. yes
      Using system libpng ................ yes
  Text formats:
    HtmlParser ........................... yes
    CssParser ............................ yes
    OdfWriter ............................ yes
    MarkdownReader ....................... yes
      Using system libmd4c ............... no
    MarkdownWriter ....................... yes
  EGL .................................... yes
  OpenVG ................................. no
  OpenGL:
    Desktop OpenGL ....................... yes
    OpenGL ES 2.0 ........................ no
    OpenGL ES 3.0 ........................ no
    OpenGL ES 3.1 ........................ no
    OpenGL ES 3.2 ........................ no
  Vulkan ................................. no
  Session Management ..................... yes
Features used by QPA backends:
  evdev .................................. yes
  libinput ............................... no
  HiRes wheel support in libinput ........ no
  INTEGRITY HID .......................... no
  mtdev .................................. no
  tslib .................................. no
  xkbcommon .............................. yes
  X11 specific:
    XLib ................................. yes
    XCB Xlib ............................. yes
    EGL on X11 ........................... yes
    xkbcommon-x11 ........................ yes
    xcb-sm ............................... no
QPA backends:
  DirectFB ............................... no
  EGLFS .................................. yes
  EGLFS details:
    EGLFS OpenWFD ........................ no
    EGLFS i.Mx6 .......................... no
    EGLFS i.Mx6 Wayland .................. no
    EGLFS RCAR ........................... no
    EGLFS EGLDevice ...................... no
    EGLFS GBM ............................ no
    EGLFS VSP2 ........................... no
    EGLFS Mali ........................... no
    EGLFS Raspberry Pi ................... no
    EGLFS X11 ............................ yes
  LinuxFB ................................ yes
  VNC .................................... yes
  VK_KHR_display ......................... no
  QNX:
    lgmon ................................ no
    IMF .................................. no
  XCB:
    Using system-provided xcb-xinput ..... no
    GL integrations:
      GLX Plugin ......................... yes
        XCB GLX .......................... yes
      EGL-X11 Plugin ..................... yes
  Windows:
    Direct 2D ............................ no
    Direct 2D 1.1 ........................ no
    DirectWrite .......................... no
    DirectWrite 3 ........................ no
Qt Widgets:
  GTK+ ................................... no
  Styles ................................. Fusion Windows
Qt Testlib:
  Tester for item models ................. yes
  Batch tests ............................ no
Qt PrintSupport:
  CUPS ................................... no
Qt Sql Drivers:
  DB2 (IBM) .............................. no
  InterBase .............................. no
  MySql .................................. no
  OCI (Oracle) ........................... no
  ODBC ................................... no
  PostgreSQL ............................. no
  SQLite ................................. yes
    Using system provided SQLite ......... no
  Mimer .................................. no
 

Note: Using static linking will disable the use of dynamically loaded plugins. Make sure to import all needed static plugins, or compile needed modules into the library.
Note: Disabling X11 Accessibility Bridge: D-Bus or AT-SPI is missing.

-- 

Qt is now configured for building. Just run 'cmake --build . --parallel'

Once everything is built, you must run 'cmake --install .'
Qt will be installed into '/home/pradeep/projects/pyodide-with-pyqt5/qt6-native-host'

To configure and build other Qt modules, you can use the following convenience script:
        /home/pradeep/projects/pyodide-with-pyqt5/qt6-native-host/bin/qt-configure-module

If reconfiguration fails for some reason, try removing 'CMakeCache.txt' from the build directory
Alternatively, you can add the --fresh flag to your CMake flags.

-- Configuring done (16.1s)
-- Generating done (0.6s)
-- Build files have been written to: /home/pradeep/projects/pyodide-with-pyqt5/qt6-native-build
